[1,   100] loss: 18.409
[1,   200] loss: 14.078
[1,   300] loss: 14.753
[1,   400] loss: 13.853
[1,   500] loss: 14.014
[1,   600] loss: 14.181
[1,   700] loss: 14.777
[1,   800] loss: 14.497
[1,   900] loss: 14.537
[1,  1000] loss: 14.990
[1,  1100] loss: 13.560
[1,  1200] loss: 14.376
[1,  1300] loss: 14.128
[1,  1400] loss: 13.683
[1,  1500] loss: 13.856
[1,  1600] loss: 14.888
[1,  1700] loss: 14.045
[1,  1800] loss: 14.011
[1,  1900] loss: 14.009
[1,  2000] loss: 14.949
[1,  2100] loss: 14.888
[1,  2200] loss: 14.243
[1,  2300] loss: 14.255
[1,  2400] loss: 13.992
[1,  2500] loss: 14.229
[1,  2600] loss: 14.771
[1,  2700] loss: 14.270
[1,  2800] loss: 14.812
[1,  2900] loss: 14.723
[1,  3000] loss: 13.568
[1,  3100] loss: 14.065
[1,  3200] loss: 14.195
[1,  3300] loss: 13.853
[1,  3400] loss: 14.498
[1,  3500] loss: 13.832
[1,  3600] loss: 13.946
[1,  3700] loss: 14.128
