[1,   100] loss: 34.751
[1,   200] loss: 28.457
[1,   300] loss: 28.735
[1,   400] loss: 28.259
[1,   500] loss: 27.406
[1,   600] loss: 28.588
[1,   700] loss: 28.750
[1,   800] loss: 28.488
[1,   900] loss: 27.763
[1,  1000] loss: 28.054
[1,  1100] loss: 28.857
[1,  1200] loss: 28.791
[1,  1300] loss: 28.065
[1,  1400] loss: 28.822
[1,  1500] loss: 29.874
[1,  1600] loss: 28.282
[1,  1700] loss: 28.357
[1,  1800] loss: 28.675
[2,   100] loss: 28.807
[2,   200] loss: 27.995
[2,   300] loss: 28.967
[2,   400] loss: 27.822
[2,   500] loss: 28.641
[2,   600] loss: 28.423
[2,   700] loss: 29.322
[2,   800] loss: 28.045
[2,   900] loss: 28.879
[2,  1000] loss: 27.806
[2,  1100] loss: 28.499
[2,  1200] loss: 29.342
[2,  1300] loss: 28.065
[2,  1400] loss: 28.337
[2,  1500] loss: 27.712
[2,  1600] loss: 27.629
[2,  1700] loss: 28.813
[2,  1800] loss: 27.799
[3,   100] loss: 28.103
[3,   200] loss: 28.503
[3,   300] loss: 28.278
[3,   400] loss: 28.227
[3,   500] loss: 27.813
[3,   600] loss: 29.027
[3,   700] loss: 28.529
[3,   800] loss: 28.396
[3,   900] loss: 28.228
[3,  1000] loss: 28.462
[3,  1100] loss: 28.633
[3,  1200] loss: 28.057
[3,  1300] loss: 28.442
[3,  1400] loss: 28.194
[3,  1500] loss: 28.354
[3,  1600] loss: 28.564
[3,  1700] loss: 29.174
[3,  1800] loss: 27.721
[4,   100] loss: 28.610
[4,   200] loss: 27.813
[4,   300] loss: 27.734
[4,   400] loss: 27.391
[4,   500] loss: 27.224
[4,   600] loss: 28.717
[4,   700] loss: 28.465
[4,   800] loss: 28.661
[4,   900] loss: 28.789
[4,  1000] loss: 27.305
[4,  1100] loss: 28.218
[4,  1200] loss: 28.749
[4,  1300] loss: 27.972
[4,  1400] loss: 28.854
[4,  1500] loss: 28.089
[4,  1600] loss: 28.747
[4,  1700] loss: 28.066
[4,  1800] loss: 30.095
[5,   100] loss: 28.307
[5,   200] loss: 27.703
[5,   300] loss: 28.321
[5,   400] loss: 27.846
[5,   500] loss: 27.271
[5,   600] loss: 29.056
[5,   700] loss: 27.428
[5,   800] loss: 28.814
[5,   900] loss: 28.574
[5,  1000] loss: 29.462
[5,  1100] loss: 28.002
[5,  1200] loss: 27.821
[5,  1300] loss: 28.894
[5,  1400] loss: 28.224
[5,  1500] loss: 27.988
[5,  1600] loss: 28.118
[5,  1700] loss: 28.687
[5,  1800] loss: 28.423
[6,   100] loss: 28.831
[6,   200] loss: 27.923
[6,   300] loss: 27.649
[6,   400] loss: 29.508
[6,   500] loss: 28.114
[6,   600] loss: 28.806
[6,   700] loss: 27.482
[6,   800] loss: 27.840
[6,   900] loss: 28.139
[6,  1000] loss: 28.882
[6,  1100] loss: 28.171
[6,  1200] loss: 27.972
[6,  1300] loss: 29.254
[6,  1400] loss: 27.856
[6,  1500] loss: 28.368
[6,  1600] loss: 28.054
[6,  1700] loss: 28.633
[6,  1800] loss: 27.939
[7,   100] loss: 29.044
[7,   200] loss: 28.180
[7,   300] loss: 27.886
[7,   400] loss: 28.705
[7,   500] loss: 29.484
[7,   600] loss: 28.717
[7,   700] loss: 28.282
[7,   800] loss: 28.193
[7,   900] loss: 28.527
[7,  1000] loss: 27.769
[7,  1100] loss: 27.878
[7,  1200] loss: 28.626
[7,  1300] loss: 28.229
[7,  1400] loss: 27.406
[7,  1500] loss: 28.415
[7,  1600] loss: 28.960
[7,  1700] loss: 28.099
[7,  1800] loss: 27.157
[8,   100] loss: 28.788
[8,   200] loss: 27.109
[8,   300] loss: 28.533
[8,   400] loss: 28.067
[8,   500] loss: 28.732
[8,   600] loss: 27.711
[8,   700] loss: 27.931
[8,   800] loss: 27.761
[8,   900] loss: 28.979
[8,  1000] loss: 29.189
[8,  1100] loss: 27.322
[8,  1200] loss: 29.004
[8,  1300] loss: 28.668
[8,  1400] loss: 28.262
[8,  1500] loss: 27.487
[8,  1600] loss: 29.146
[8,  1700] loss: 27.537
[8,  1800] loss: 29.562
[9,   100] loss: 29.139
[9,   200] loss: 27.970
[9,   300] loss: 27.535
[9,   400] loss: 27.650
[9,   500] loss: 27.892
[9,   600] loss: 27.938
[9,   700] loss: 27.790
[9,   800] loss: 29.303
[9,   900] loss: 28.866
[9,  1000] loss: 28.233
[9,  1100] loss: 28.396
[9,  1200] loss: 29.192
[9,  1300] loss: 28.458
[9,  1400] loss: 28.336
[9,  1500] loss: 27.463
[9,  1600] loss: 28.649
[9,  1700] loss: 28.058
[9,  1800] loss: 28.330
[10,   100] loss: 28.017
[10,   200] loss: 28.113
[10,   300] loss: 27.404
[10,   400] loss: 27.331
[10,   500] loss: 27.671
[10,   600] loss: 29.496
[10,   700] loss: 28.220
[10,   800] loss: 28.455
[10,   900] loss: 28.768
[10,  1000] loss: 27.852
[10,  1100] loss: 27.921
[10,  1200] loss: 28.513
[10,  1300] loss: 28.535
[10,  1400] loss: 29.276
[10,  1500] loss: 27.762
[10,  1600] loss: 28.115
[10,  1700] loss: 28.005
[10,  1800] loss: 28.311
[11,   100] loss: 29.210
[11,   200] loss: 27.846
[11,   300] loss: 28.198
[11,   400] loss: 28.719
[11,   500] loss: 28.939
[11,   600] loss: 26.501
[11,   700] loss: 28.533
[11,   800] loss: 28.530
[11,   900] loss: 28.537
[11,  1000] loss: 28.065
[11,  1100] loss: 28.256
[11,  1200] loss: 28.604
[11,  1300] loss: 28.031
[11,  1400] loss: 28.427
[11,  1500] loss: 27.615
[11,  1600] loss: 28.552
[11,  1700] loss: 27.592
[11,  1800] loss: 27.831
[12,   100] loss: 26.942
[12,   200] loss: 27.628
[12,   300] loss: 28.575
[12,   400] loss: 28.199
[12,   500] loss: 28.877
[12,   600] loss: 27.508
[12,   700] loss: 29.655
[12,   800] loss: 28.031
[12,   900] loss: 28.823
[12,  1000] loss: 27.973
[12,  1100] loss: 27.991
[12,  1200] loss: 29.290
[12,  1300] loss: 29.030
[12,  1400] loss: 27.342
[12,  1500] loss: 28.840
[12,  1600] loss: 27.727
[12,  1700] loss: 28.109
[12,  1800] loss: 27.255
[13,   100] loss: 28.839
[13,   200] loss: 27.905
[13,   300] loss: 29.050
[13,   400] loss: 29.186
[13,   500] loss: 28.642
[13,   600] loss: 27.873
[13,   700] loss: 27.730
[13,   800] loss: 28.641
[13,   900] loss: 28.008
[13,  1000] loss: 27.264
[13,  1100] loss: 29.202
[13,  1200] loss: 26.937
[13,  1300] loss: 27.611
[13,  1400] loss: 26.920
[13,  1500] loss: 27.570
[13,  1600] loss: 29.001
[13,  1700] loss: 28.004
[13,  1800] loss: 27.836
[14,   100] loss: 28.903
[14,   200] loss: 28.247
[14,   300] loss: 27.971
[14,   400] loss: 27.848
[14,   500] loss: 26.827
[14,   600] loss: 28.588
[14,   700] loss: 28.324
[14,   800] loss: 29.187
[14,   900] loss: 28.769
[14,  1000] loss: 27.185
[14,  1100] loss: 27.973
[14,  1200] loss: 28.375
[14,  1300] loss: 27.211
[14,  1400] loss: 28.320
[14,  1500] loss: 27.772
[14,  1600] loss: 27.790
[14,  1700] loss: 28.940
[14,  1800] loss: 26.785
[15,   100] loss: 27.953
[15,   200] loss: 27.726
[15,   300] loss: 28.426
[15,   400] loss: 29.132
[15,   500] loss: 27.681
[15,   600] loss: 27.498
[15,   700] loss: 28.059
[15,   800] loss: 28.285
[15,   900] loss: 28.320
[15,  1000] loss: 27.931
[15,  1100] loss: 26.687
[15,  1200] loss: 27.858
[15,  1300] loss: 28.579
[15,  1400] loss: 27.466
[15,  1500] loss: 28.205
[15,  1600] loss: 27.238
[15,  1700] loss: 28.735
[15,  1800] loss: 27.455
[16,   100] loss: 27.804
[16,   200] loss: 28.563
[16,   300] loss: 26.987
[16,   400] loss: 28.583
[16,   500] loss: 27.202
[16,   600] loss: 27.053
[16,   700] loss: 28.439
[16,   800] loss: 28.587
[16,   900] loss: 27.582
[16,  1000] loss: 27.305
[16,  1100] loss: 27.957
[16,  1200] loss: 28.647
[16,  1300] loss: 28.056
[16,  1400] loss: 27.471
[16,  1500] loss: 27.937
[16,  1600] loss: 27.919
[16,  1700] loss: 28.998
[16,  1800] loss: 28.131
[17,   100] loss: 28.112
[17,   200] loss: 29.022
[17,   300] loss: 28.379
[17,   400] loss: 27.359
[17,   500] loss: 28.296
[17,   600] loss: 27.875
[17,   700] loss: 28.271
[17,   800] loss: 27.462
[17,   900] loss: 27.521
[17,  1000] loss: 27.540
[17,  1100] loss: 27.005
[17,  1200] loss: 28.041
[17,  1300] loss: 28.308
[17,  1400] loss: 27.189
[17,  1500] loss: 27.767
[17,  1600] loss: 28.066
[17,  1700] loss: 27.466
[17,  1800] loss: 28.492
[18,   100] loss: 28.022
[18,   200] loss: 27.290
[18,   300] loss: 27.709
[18,   400] loss: 28.197
[18,   500] loss: 27.695
[18,   600] loss: 27.386
[18,   700] loss: 28.257
[18,   800] loss: 27.400
[18,   900] loss: 27.991
[18,  1000] loss: 29.211
[18,  1100] loss: 27.485
[18,  1200] loss: 28.409
[18,  1300] loss: 28.469
[18,  1400] loss: 27.412
[18,  1500] loss: 27.231
[18,  1600] loss: 26.976
[18,  1700] loss: 28.235
[18,  1800] loss: 28.239
[19,   100] loss: 29.031
[19,   200] loss: 26.934
[19,   300] loss: 27.170
[19,   400] loss: 26.753
[19,   500] loss: 28.259
[19,   600] loss: 28.560
[19,   700] loss: 27.980
[19,   800] loss: 27.887
[19,   900] loss: 26.969
[19,  1000] loss: 28.696
[19,  1100] loss: 27.847
[19,  1200] loss: 27.550
[19,  1300] loss: 27.577
[19,  1400] loss: 27.113
[19,  1500] loss: 28.029
[19,  1600] loss: 27.995
[19,  1700] loss: 27.891
[19,  1800] loss: 27.684
[20,   100] loss: 27.904
[20,   200] loss: 27.943
[20,   300] loss: 28.106
[20,   400] loss: 27.218
[20,   500] loss: 28.096
[20,   600] loss: 29.200
[20,   700] loss: 27.248
[20,   800] loss: 27.129
[20,   900] loss: 29.401
[20,  1000] loss: 26.802
[20,  1100] loss: 27.380
[20,  1200] loss: 27.542
[20,  1300] loss: 28.022
[20,  1400] loss: 27.265
[20,  1500] loss: 26.890
[20,  1600] loss: 27.834
[20,  1700] loss: 27.444
[20,  1800] loss: 28.540
[21,   100] loss: 27.499
[21,   200] loss: 26.795
[21,   300] loss: 28.173
[21,   400] loss: 27.127
[21,   500] loss: 27.715
[21,   600] loss: 26.555
[21,   700] loss: 28.730
[21,   800] loss: 27.221
[21,   900] loss: 26.946
[21,  1000] loss: 28.107
[21,  1100] loss: 27.987
[21,  1200] loss: 28.945
[21,  1300] loss: 26.825
[21,  1400] loss: 28.353
[21,  1500] loss: 28.449
[21,  1600] loss: 27.040
[21,  1700] loss: 27.068
[21,  1800] loss: 27.736
[22,   100] loss: 28.196
[22,   200] loss: 28.130
[22,   300] loss: 28.545
[22,   400] loss: 27.849
[22,   500] loss: 27.187
[22,   600] loss: 27.067
[22,   700] loss: 26.902
[22,   800] loss: 27.321
[22,   900] loss: 27.428
[22,  1000] loss: 27.729
[22,  1100] loss: 27.728
[22,  1200] loss: 27.016
[22,  1300] loss: 28.136
[22,  1400] loss: 27.468
[22,  1500] loss: 27.046
[22,  1600] loss: 27.251
[22,  1700] loss: 27.340
[22,  1800] loss: 28.360
[23,   100] loss: 27.726
[23,   200] loss: 26.880
[23,   300] loss: 26.886
[23,   400] loss: 26.537
[23,   500] loss: 27.746
[23,   600] loss: 27.617
[23,   700] loss: 26.375
[23,   800] loss: 27.708
[23,   900] loss: 26.816
[23,  1000] loss: 28.081
[23,  1100] loss: 29.169
[23,  1200] loss: 27.733
[23,  1300] loss: 27.821
[23,  1400] loss: 27.113
[23,  1500] loss: 26.994
[23,  1600] loss: 27.841
[23,  1700] loss: 27.222
[23,  1800] loss: 27.593
[24,   100] loss: 27.601
[24,   200] loss: 26.538
[24,   300] loss: 26.609
[24,   400] loss: 26.829
[24,   500] loss: 26.904
[24,   600] loss: 27.053
[24,   700] loss: 26.469
[24,   800] loss: 26.947
[24,   900] loss: 27.178
[24,  1000] loss: 26.897
[24,  1100] loss: 27.044
[24,  1200] loss: 27.159
[24,  1300] loss: 28.793
[24,  1400] loss: 27.516
[24,  1500] loss: 29.347
[24,  1600] loss: 28.606
[24,  1700] loss: 27.135
[24,  1800] loss: 26.803
[25,   100] loss: 27.093
[25,   200] loss: 25.769
[25,   300] loss: 27.127
[25,   400] loss: 28.008
[25,   500] loss: 26.432
[25,   600] loss: 26.963
[25,   700] loss: 27.906
[25,   800] loss: 26.686
[25,   900] loss: 27.476
[25,  1000] loss: 26.039
[25,  1100] loss: 27.346
[25,  1200] loss: 27.904
[25,  1300] loss: 27.048
[25,  1400] loss: 27.924
[25,  1500] loss: 26.779
[25,  1600] loss: 27.044
[25,  1700] loss: 27.277
[25,  1800] loss: 27.686
[26,   100] loss: 26.966
[26,   200] loss: 26.446
[26,   300] loss: 27.210
[26,   400] loss: 26.830
[26,   500] loss: 26.429
[26,   600] loss: 28.020
[26,   700] loss: 27.534
[26,   800] loss: 27.506
[26,   900] loss: 26.435
[26,  1000] loss: 26.636
[26,  1100] loss: 27.011
[26,  1200] loss: 26.808
[26,  1300] loss: 26.008
[26,  1400] loss: 26.828
[26,  1500] loss: 26.888
[26,  1600] loss: 27.334
[26,  1700] loss: 27.107
[26,  1800] loss: 27.205
[27,   100] loss: 26.377
[27,   200] loss: 26.259
[27,   300] loss: 27.443
[27,   400] loss: 26.416
[27,   500] loss: 27.505
[27,   600] loss: 27.618
[27,   700] loss: 26.958
[27,   800] loss: 26.557
[27,   900] loss: 26.352
[27,  1000] loss: 26.247
[27,  1100] loss: 26.287
[27,  1200] loss: 26.859
[27,  1300] loss: 25.904
[27,  1400] loss: 26.994
[27,  1500] loss: 27.699
[27,  1600] loss: 27.189
[27,  1700] loss: 25.943
[27,  1800] loss: 28.552
[28,   100] loss: 27.149
[28,   200] loss: 25.771
[28,   300] loss: 27.077
[28,   400] loss: 26.725
[28,   500] loss: 26.311
[28,   600] loss: 26.721
[28,   700] loss: 27.128
[28,   800] loss: 25.807
[28,   900] loss: 26.458
[28,  1000] loss: 27.175
[28,  1100] loss: 26.941
[28,  1200] loss: 25.126
[28,  1300] loss: 26.605
[28,  1400] loss: 27.042
[28,  1500] loss: 26.634
[28,  1600] loss: 25.702
[28,  1700] loss: 26.901
[28,  1800] loss: 27.021
[29,   100] loss: 25.734
[29,   200] loss: 26.328
[29,   300] loss: 26.857
[29,   400] loss: 25.268
[29,   500] loss: 26.700
[29,   600] loss: 25.496
[29,   700] loss: 26.120
[29,   800] loss: 26.955
[29,   900] loss: 26.463
[29,  1000] loss: 25.141
[29,  1100] loss: 26.468
[29,  1200] loss: 26.255
[29,  1300] loss: 27.205
[29,  1400] loss: 27.064
[29,  1500] loss: 25.998
[29,  1600] loss: 26.521
[29,  1700] loss: 26.963
[29,  1800] loss: 26.968
[30,   100] loss: 26.370
[30,   200] loss: 26.701
[30,   300] loss: 27.104
[30,   400] loss: 27.015
[30,   500] loss: 25.302
[30,   600] loss: 25.261
[30,   700] loss: 25.894
[30,   800] loss: 26.843
[30,   900] loss: 27.133
[30,  1000] loss: 26.066
[30,  1100] loss: 25.841
[30,  1200] loss: 26.129
[30,  1300] loss: 26.229
[30,  1400] loss: 25.561
[30,  1500] loss: 26.488
[30,  1600] loss: 25.979
[30,  1700] loss: 25.511
[30,  1800] loss: 26.163
[31,   100] loss: 26.479
[31,   200] loss: 25.404
[31,   300] loss: 26.556
[31,   400] loss: 26.113
[31,   500] loss: 26.275
[31,   600] loss: 26.547
[31,   700] loss: 25.488
[31,   800] loss: 25.603
[31,   900] loss: 25.785
[31,  1000] loss: 25.658
[31,  1100] loss: 25.977
[31,  1200] loss: 25.762
[31,  1300] loss: 26.711
[31,  1400] loss: 25.770
[31,  1500] loss: 26.261
[31,  1600] loss: 26.093
[31,  1700] loss: 27.452
[31,  1800] loss: 25.039
[32,   100] loss: 26.150
[32,   200] loss: 25.799
[32,   300] loss: 25.893
[32,   400] loss: 26.139
[32,   500] loss: 25.824
[32,   600] loss: 25.235
[32,   700] loss: 24.920
[32,   800] loss: 26.531
[32,   900] loss: 24.863
[32,  1000] loss: 25.173
[32,  1100] loss: 26.688
[32,  1200] loss: 25.310
[32,  1300] loss: 25.489
[32,  1400] loss: 24.966
[32,  1500] loss: 25.579
[32,  1600] loss: 25.738
[32,  1700] loss: 26.767
[32,  1800] loss: 26.522
[33,   100] loss: 25.933
[33,   200] loss: 26.004
[33,   300] loss: 26.124
[33,   400] loss: 25.668
[33,   500] loss: 25.916
[33,   600] loss: 25.377
[33,   700] loss: 25.250
[33,   800] loss: 26.098
[33,   900] loss: 25.756
[33,  1000] loss: 25.479
[33,  1100] loss: 25.210
[33,  1200] loss: 25.842
[33,  1300] loss: 25.098
[33,  1400] loss: 25.550
[33,  1500] loss: 25.851
[33,  1600] loss: 25.749
[33,  1700] loss: 25.442
[33,  1800] loss: 26.099
[34,   100] loss: 25.877
[34,   200] loss: 25.759
[34,   300] loss: 24.638
[34,   400] loss: 26.184
[34,   500] loss: 25.590
[34,   600] loss: 25.025
[34,   700] loss: 24.903
[34,   800] loss: 26.105
[34,   900] loss: 25.353
[34,  1000] loss: 25.154
[34,  1100] loss: 25.958
[34,  1200] loss: 25.323
[34,  1300] loss: 25.244
[34,  1400] loss: 25.739
[34,  1500] loss: 25.501
[34,  1600] loss: 24.737
[34,  1700] loss: 26.166
[34,  1800] loss: 24.372
[35,   100] loss: 24.136
[35,   200] loss: 24.779
[35,   300] loss: 25.926
[35,   400] loss: 24.291
[35,   500] loss: 24.517
[35,   600] loss: 25.289
[35,   700] loss: 25.607
[35,   800] loss: 25.423
[35,   900] loss: 26.274
[35,  1000] loss: 24.898
[35,  1100] loss: 26.178
[35,  1200] loss: 25.402
[35,  1300] loss: 24.929
[35,  1400] loss: 25.439
[35,  1500] loss: 25.868
[35,  1600] loss: 24.998
[35,  1700] loss: 24.917
[35,  1800] loss: 26.035
[36,   100] loss: 25.089
[36,   200] loss: 25.102
[36,   300] loss: 24.380
[36,   400] loss: 25.144
[36,   500] loss: 25.685
[36,   600] loss: 26.044
[36,   700] loss: 24.595
[36,   800] loss: 24.437
[36,   900] loss: 24.963
[36,  1000] loss: 26.466
[36,  1100] loss: 25.632
[36,  1200] loss: 24.988
[36,  1300] loss: 24.977
[36,  1400] loss: 25.449
[36,  1500] loss: 24.372
[36,  1600] loss: 24.616
[36,  1700] loss: 25.198
[36,  1800] loss: 25.100
[37,   100] loss: 25.401
[37,   200] loss: 24.653
[37,   300] loss: 25.185
[37,   400] loss: 25.280
[37,   500] loss: 24.451
[37,   600] loss: 25.722
[37,   700] loss: 25.393
[37,   800] loss: 25.016
[37,   900] loss: 25.363
[37,  1000] loss: 24.418
[37,  1100] loss: 23.681
[37,  1200] loss: 25.262
[37,  1300] loss: 24.626
[37,  1400] loss: 24.601
[37,  1500] loss: 25.013
[37,  1600] loss: 24.309
[37,  1700] loss: 25.198
[37,  1800] loss: 25.708
[38,   100] loss: 24.527
[38,   200] loss: 25.520
[38,   300] loss: 25.557
[38,   400] loss: 25.206
[38,   500] loss: 24.611
[38,   600] loss: 24.934
[38,   700] loss: 24.133
[38,   800] loss: 25.169
[38,   900] loss: 25.041
[38,  1000] loss: 24.912
[38,  1100] loss: 23.863
[38,  1200] loss: 25.321
[38,  1300] loss: 24.344
[38,  1400] loss: 24.770
[38,  1500] loss: 24.477
[38,  1600] loss: 25.356
[38,  1700] loss: 24.585
[38,  1800] loss: 24.233
[39,   100] loss: 25.166
[39,   200] loss: 25.324
[39,   300] loss: 23.822
[39,   400] loss: 24.552
[39,   500] loss: 24.456
[39,   600] loss: 25.244
[39,   700] loss: 24.383
[39,   800] loss: 25.079
[39,   900] loss: 24.390
[39,  1000] loss: 24.378
[39,  1100] loss: 24.369
[39,  1200] loss: 24.083
[39,  1300] loss: 24.264
[39,  1400] loss: 24.701
[39,  1500] loss: 25.236
[39,  1600] loss: 25.174
[39,  1700] loss: 25.124
[39,  1800] loss: 24.404
[40,   100] loss: 24.526
[40,   200] loss: 25.437
[40,   300] loss: 24.115
[40,   400] loss: 24.320
[40,   500] loss: 24.684
[40,   600] loss: 24.285
[40,   700] loss: 24.656
[40,   800] loss: 25.071
[40,   900] loss: 24.411
[40,  1000] loss: 24.299
[40,  1100] loss: 25.223
[40,  1200] loss: 24.461
[40,  1300] loss: 24.071
[40,  1400] loss: 24.171
[40,  1500] loss: 24.919
[40,  1600] loss: 25.382
[40,  1700] loss: 23.961
[40,  1800] loss: 23.942
[41,   100] loss: 25.241
[41,   200] loss: 24.899
[41,   300] loss: 24.866
[41,   400] loss: 23.842
[41,   500] loss: 24.096
[41,   600] loss: 25.215
[41,   700] loss: 24.175
[41,   800] loss: 24.245
[41,   900] loss: 24.714
[41,  1000] loss: 24.327
[41,  1100] loss: 23.800
[41,  1200] loss: 24.457
[41,  1300] loss: 24.172
[41,  1400] loss: 25.395
[41,  1500] loss: 24.440
[41,  1600] loss: 24.330
[41,  1700] loss: 23.906
[41,  1800] loss: 24.391
[42,   100] loss: 24.166
[42,   200] loss: 24.696
[42,   300] loss: 23.649
[42,   400] loss: 24.423
[42,   500] loss: 24.396
[42,   600] loss: 24.841
[42,   700] loss: 25.319
[42,   800] loss: 23.717
[42,   900] loss: 24.801
[42,  1000] loss: 24.777
[42,  1100] loss: 24.558
[42,  1200] loss: 23.618
[42,  1300] loss: 23.957
[42,  1400] loss: 23.940
[42,  1500] loss: 24.608
[42,  1600] loss: 24.417
[42,  1700] loss: 24.838
[42,  1800] loss: 24.230
[43,   100] loss: 23.658
[43,   200] loss: 23.683
[43,   300] loss: 24.522
[43,   400] loss: 24.146
[43,   500] loss: 24.352
[43,   600] loss: 23.941
[43,   700] loss: 23.563
[43,   800] loss: 25.235
[43,   900] loss: 24.138
[43,  1000] loss: 24.562
[43,  1100] loss: 24.358
[43,  1200] loss: 23.851
[43,  1300] loss: 24.939
[43,  1400] loss: 23.293
[43,  1500] loss: 24.362
[43,  1600] loss: 25.503
[43,  1700] loss: 24.102
[43,  1800] loss: 23.882
[44,   100] loss: 24.217
[44,   200] loss: 23.749
[44,   300] loss: 24.038
[44,   400] loss: 24.802
[44,   500] loss: 23.522
[44,   600] loss: 24.208
[44,   700] loss: 24.038
[44,   800] loss: 23.397
[44,   900] loss: 24.090
[44,  1000] loss: 24.348
[44,  1100] loss: 24.545
[44,  1200] loss: 24.845
[44,  1300] loss: 24.840
[44,  1400] loss: 24.107
[44,  1500] loss: 23.957
[44,  1600] loss: 24.688
[44,  1700] loss: 24.618
[44,  1800] loss: 23.954
[45,   100] loss: 24.722
[45,   200] loss: 25.198
[45,   300] loss: 24.710
[45,   400] loss: 23.399
[45,   500] loss: 23.570
[45,   600] loss: 24.181
[45,   700] loss: 24.140
[45,   800] loss: 24.310
[45,   900] loss: 24.112
[45,  1000] loss: 24.157
[45,  1100] loss: 23.807
[45,  1200] loss: 22.794
[45,  1300] loss: 23.892
[45,  1400] loss: 24.036
[45,  1500] loss: 23.467
[45,  1600] loss: 24.117
[45,  1700] loss: 24.752
[45,  1800] loss: 23.946
[46,   100] loss: 24.214
[46,   200] loss: 25.182
[46,   300] loss: 23.243
[46,   400] loss: 24.444
[46,   500] loss: 23.836
[46,   600] loss: 24.456
[46,   700] loss: 23.896
[46,   800] loss: 24.023
[46,   900] loss: 24.443
[46,  1000] loss: 24.014
[46,  1100] loss: 23.958
[46,  1200] loss: 24.944
[46,  1300] loss: 24.008
[46,  1400] loss: 23.023
[46,  1500] loss: 24.318
[46,  1600] loss: 23.830
[46,  1700] loss: 23.074
[46,  1800] loss: 23.711
[47,   100] loss: 24.591
[47,   200] loss: 23.655
[47,   300] loss: 24.692
[47,   400] loss: 24.648
[47,   500] loss: 24.002
[47,   600] loss: 23.689
[47,   700] loss: 24.138
[47,   800] loss: 23.922
[47,   900] loss: 24.205
[47,  1000] loss: 23.978
[47,  1100] loss: 23.831
[47,  1200] loss: 23.586
[47,  1300] loss: 22.890
[47,  1400] loss: 23.720
[47,  1500] loss: 23.533
[47,  1600] loss: 23.375
[47,  1700] loss: 24.805
[47,  1800] loss: 24.026
[48,   100] loss: 23.558
[48,   200] loss: 23.796
[48,   300] loss: 24.093
[48,   400] loss: 24.014
[48,   500] loss: 23.695
[48,   600] loss: 24.100
[48,   700] loss: 23.185
[48,   800] loss: 24.470
[48,   900] loss: 22.870
[48,  1000] loss: 23.356
[48,  1100] loss: 24.225
[48,  1200] loss: 23.776
[48,  1300] loss: 24.583
[48,  1400] loss: 22.917
[48,  1500] loss: 24.217
[48,  1600] loss: 24.179
[48,  1700] loss: 23.501
[48,  1800] loss: 23.734
[49,   100] loss: 23.903
[49,   200] loss: 23.131
[49,   300] loss: 24.375
[49,   400] loss: 23.603
[49,   500] loss: 24.131
[49,   600] loss: 22.913
[49,   700] loss: 24.677
[49,   800] loss: 24.211
[49,   900] loss: 23.654
[49,  1000] loss: 23.978
[49,  1100] loss: 23.887
[49,  1200] loss: 23.484
[49,  1300] loss: 24.093
[49,  1400] loss: 24.242
[49,  1500] loss: 23.366
[49,  1600] loss: 23.624
[49,  1700] loss: 22.968
[49,  1800] loss: 23.949
[50,   100] loss: 23.710
[50,   200] loss: 23.929
[50,   300] loss: 24.139
[50,   400] loss: 23.213
[50,   500] loss: 23.953
[50,   600] loss: 23.330
[50,   700] loss: 23.841
[50,   800] loss: 24.017
[50,   900] loss: 22.912
[50,  1000] loss: 23.703
[50,  1100] loss: 23.725
[50,  1200] loss: 23.032
[50,  1300] loss: 23.425
[50,  1400] loss: 23.964
[50,  1500] loss: 23.364
[50,  1600] loss: 24.323
[50,  1700] loss: 24.277
[50,  1800] loss: 24.237
[51,   100] loss: 24.012
[51,   200] loss: 23.581
[51,   300] loss: 23.607
[51,   400] loss: 24.544
[51,   500] loss: 23.722
[51,   600] loss: 23.360
[51,   700] loss: 23.269
[51,   800] loss: 24.460
[51,   900] loss: 23.572
[51,  1000] loss: 23.175
[51,  1100] loss: 23.423
[51,  1200] loss: 24.140
[51,  1300] loss: 23.577
[51,  1400] loss: 24.547
[51,  1500] loss: 23.717
[51,  1600] loss: 22.331
[51,  1700] loss: 23.396
[51,  1800] loss: 23.180
[52,   100] loss: 24.302
[52,   200] loss: 22.733
[52,   300] loss: 22.912
[52,   400] loss: 24.380
[52,   500] loss: 23.038
[52,   600] loss: 24.201
[52,   700] loss: 22.529
[52,   800] loss: 23.583
[52,   900] loss: 23.680
[52,  1000] loss: 23.806
[52,  1100] loss: 23.672
[52,  1200] loss: 24.472
[52,  1300] loss: 23.870
[52,  1400] loss: 22.508
[52,  1500] loss: 22.978
[52,  1600] loss: 22.403
[52,  1700] loss: 24.414
[52,  1800] loss: 24.165
[53,   100] loss: 24.019
[53,   200] loss: 23.799
[53,   300] loss: 23.468
[53,   400] loss: 22.605
[53,   500] loss: 23.117
[53,   600] loss: 24.598
[53,   700] loss: 23.724
[53,   800] loss: 23.765
[53,   900] loss: 23.674
[53,  1000] loss: 24.140
[53,  1100] loss: 23.099
[53,  1200] loss: 23.237
[53,  1300] loss: 22.920
[53,  1400] loss: 23.423
[53,  1500] loss: 23.837
[53,  1600] loss: 22.672
[53,  1700] loss: 24.128
[53,  1800] loss: 23.462
[54,   100] loss: 23.597
[54,   200] loss: 23.799
[54,   300] loss: 23.184
[54,   400] loss: 22.962
[54,   500] loss: 22.938
[54,   600] loss: 23.612
[54,   700] loss: 22.902
[54,   800] loss: 23.186
[54,   900] loss: 24.001
[54,  1000] loss: 23.042
[54,  1100] loss: 23.422
[54,  1200] loss: 23.269
[54,  1300] loss: 24.238
[54,  1400] loss: 23.576
[54,  1500] loss: 23.534
[54,  1600] loss: 24.171
[54,  1700] loss: 22.891
[54,  1800] loss: 23.853
[55,   100] loss: 24.223
[55,   200] loss: 22.794
[55,   300] loss: 23.386
[55,   400] loss: 23.416
[55,   500] loss: 23.397
[55,   600] loss: 23.108
[55,   700] loss: 23.865
[55,   800] loss: 23.001
[55,   900] loss: 22.711
[55,  1000] loss: 23.881
[55,  1100] loss: 23.141
[55,  1200] loss: 23.497
[55,  1300] loss: 24.406
[55,  1400] loss: 23.265
[55,  1500] loss: 24.412
[55,  1600] loss: 23.005
[55,  1700] loss: 23.208
[55,  1800] loss: 23.348
[56,   100] loss: 24.454
[56,   200] loss: 23.584
[56,   300] loss: 22.717
[56,   400] loss: 22.675
[56,   500] loss: 23.387
[56,   600] loss: 23.857
[56,   700] loss: 23.825
[56,   800] loss: 23.831
[56,   900] loss: 24.160
[56,  1000] loss: 21.990
[56,  1100] loss: 22.821
[56,  1200] loss: 23.496
[56,  1300] loss: 23.360
[56,  1400] loss: 23.459
[56,  1500] loss: 23.727
[56,  1600] loss: 23.170
[56,  1700] loss: 23.857
[56,  1800] loss: 22.970
[57,   100] loss: 23.189
[57,   200] loss: 24.485
[57,   300] loss: 22.776
[57,   400] loss: 23.919
[57,   500] loss: 22.996
[57,   600] loss: 23.207
[57,   700] loss: 22.886
[57,   800] loss: 22.537
[57,   900] loss: 23.490
[57,  1000] loss: 23.377
[57,  1100] loss: 22.977
[57,  1200] loss: 23.830
[57,  1300] loss: 23.373
[57,  1400] loss: 23.368
[57,  1500] loss: 23.296
[57,  1600] loss: 23.432
[57,  1700] loss: 23.223
[57,  1800] loss: 24.049
[58,   100] loss: 22.922
[58,   200] loss: 23.144
[58,   300] loss: 22.782
[58,   400] loss: 22.903
[58,   500] loss: 23.193
[58,   600] loss: 23.816
[58,   700] loss: 23.662
[58,   800] loss: 23.532
[58,   900] loss: 23.283
[58,  1000] loss: 23.228
[58,  1100] loss: 23.212
[58,  1200] loss: 24.214
[58,  1300] loss: 23.862
[58,  1400] loss: 22.206
[58,  1500] loss: 22.073
[58,  1600] loss: 23.153
[58,  1700] loss: 23.668
[58,  1800] loss: 23.764
[59,   100] loss: 22.285
[59,   200] loss: 23.143
[59,   300] loss: 23.166
[59,   400] loss: 23.915
[59,   500] loss: 23.508
[59,   600] loss: 23.884
[59,   700] loss: 23.047
[59,   800] loss: 22.717
[59,   900] loss: 22.695
[59,  1000] loss: 24.188
[59,  1100] loss: 22.855
[59,  1200] loss: 24.546
[59,  1300] loss: 23.194
[59,  1400] loss: 23.071
[59,  1500] loss: 22.468
[59,  1600] loss: 23.423
[59,  1700] loss: 23.292
[59,  1800] loss: 23.201
[60,   100] loss: 23.535
[60,   200] loss: 23.319
[60,   300] loss: 23.557
[60,   400] loss: 23.779
[60,   500] loss: 23.065
[60,   600] loss: 23.434
[60,   700] loss: 22.167
[60,   800] loss: 22.843
[60,   900] loss: 22.949
[60,  1000] loss: 22.975
[60,  1100] loss: 23.054
[60,  1200] loss: 23.107
[60,  1300] loss: 22.990
[60,  1400] loss: 22.874
[60,  1500] loss: 23.056
[60,  1600] loss: 23.488
[60,  1700] loss: 23.262
[60,  1800] loss: 23.275
[61,   100] loss: 24.042
[61,   200] loss: 22.164
[61,   300] loss: 22.870
[61,   400] loss: 24.012
[61,   500] loss: 22.512
[61,   600] loss: 22.990
[61,   700] loss: 23.118
[61,   800] loss: 23.345
[61,   900] loss: 23.352
[61,  1000] loss: 21.756
[61,  1100] loss: 23.363
[61,  1200] loss: 23.693
[61,  1300] loss: 22.900
[61,  1400] loss: 22.749
[61,  1500] loss: 23.200
[61,  1600] loss: 23.617
[61,  1700] loss: 23.180
[61,  1800] loss: 23.591
[62,   100] loss: 22.863
[62,   200] loss: 22.949
[62,   300] loss: 22.924
[62,   400] loss: 23.278
[62,   500] loss: 23.411
[62,   600] loss: 24.039
[62,   700] loss: 23.213
[62,   800] loss: 23.172
[62,   900] loss: 24.454
[62,  1000] loss: 22.673
[62,  1100] loss: 22.460
[62,  1200] loss: 23.905
[62,  1300] loss: 23.237
[62,  1400] loss: 21.923
[62,  1500] loss: 23.106
[62,  1600] loss: 22.415
[62,  1700] loss: 22.355
[62,  1800] loss: 24.530
[63,   100] loss: 23.649
[63,   200] loss: 22.801
[63,   300] loss: 24.021
[63,   400] loss: 22.973
[63,   500] loss: 22.858
[63,   600] loss: 22.618
[63,   700] loss: 22.729
[63,   800] loss: 23.249
[63,   900] loss: 23.146
[63,  1000] loss: 22.228
[63,  1100] loss: 23.937
[63,  1200] loss: 23.055
[63,  1300] loss: 23.463
[63,  1400] loss: 23.444
[63,  1500] loss: 22.830
[63,  1600] loss: 22.419
[63,  1700] loss: 23.532
[63,  1800] loss: 22.504
[64,   100] loss: 22.755
[64,   200] loss: 23.564
[64,   300] loss: 22.565
[64,   400] loss: 22.613
[64,   500] loss: 23.315
[64,   600] loss: 22.838
[64,   700] loss: 22.734
[64,   800] loss: 22.969
[64,   900] loss: 23.803
[64,  1000] loss: 23.242
[64,  1100] loss: 22.623
[64,  1200] loss: 22.946
[64,  1300] loss: 23.577
[64,  1400] loss: 23.165
[64,  1500] loss: 22.280
[64,  1600] loss: 23.317
[64,  1700] loss: 23.846
[64,  1800] loss: 23.181
[65,   100] loss: 22.925
[65,   200] loss: 22.693
[65,   300] loss: 23.549
[65,   400] loss: 24.037
[65,   500] loss: 22.776
[65,   600] loss: 22.819
[65,   700] loss: 22.230
[65,   800] loss: 23.622
[65,   900] loss: 23.209
[65,  1000] loss: 22.946
[65,  1100] loss: 22.760
[65,  1200] loss: 23.502
[65,  1300] loss: 22.738
[65,  1400] loss: 22.716
[65,  1500] loss: 23.168
[65,  1600] loss: 22.866
[65,  1700] loss: 22.728
[65,  1800] loss: 23.304
[66,   100] loss: 24.429
[66,   200] loss: 23.420
[66,   300] loss: 22.348
[66,   400] loss: 21.951
[66,   500] loss: 22.788
[66,   600] loss: 22.987
[66,   700] loss: 22.961
[66,   800] loss: 22.489
[66,   900] loss: 23.565
[66,  1000] loss: 22.097
[66,  1100] loss: 23.073
[66,  1200] loss: 23.159
[66,  1300] loss: 22.776
[66,  1400] loss: 23.111
[66,  1500] loss: 22.546
[66,  1600] loss: 22.175
[66,  1700] loss: 23.771
[66,  1800] loss: 23.453
[67,   100] loss: 23.517
[67,   200] loss: 23.054
[67,   300] loss: 22.531
[67,   400] loss: 23.048
[67,   500] loss: 23.153
[67,   600] loss: 22.254
[67,   700] loss: 22.271
[67,   800] loss: 22.261
[67,   900] loss: 22.032
[67,  1000] loss: 23.100
[67,  1100] loss: 24.378
[67,  1200] loss: 23.280
[67,  1300] loss: 23.198
[67,  1400] loss: 23.382
[67,  1500] loss: 23.032
[67,  1600] loss: 23.176
[67,  1700] loss: 23.029
[67,  1800] loss: 22.743
[68,   100] loss: 23.369
[68,   200] loss: 22.950
[68,   300] loss: 22.532
[68,   400] loss: 22.697
[68,   500] loss: 22.988
[68,   600] loss: 23.278
[68,   700] loss: 22.827
[68,   800] loss: 23.029
[68,   900] loss: 23.148
[68,  1000] loss: 22.199
[68,  1100] loss: 22.623
[68,  1200] loss: 22.788
[68,  1300] loss: 23.349
[68,  1400] loss: 22.928
[68,  1500] loss: 22.971
[68,  1600] loss: 23.147
[68,  1700] loss: 22.680
[68,  1800] loss: 22.880
[69,   100] loss: 23.022
[69,   200] loss: 23.199
[69,   300] loss: 22.772
[69,   400] loss: 22.858
[69,   500] loss: 22.737
[69,   600] loss: 23.003
[69,   700] loss: 22.818
[69,   800] loss: 22.602
[69,   900] loss: 22.807
[69,  1000] loss: 23.364
[69,  1100] loss: 22.503
[69,  1200] loss: 22.316
[69,  1300] loss: 23.337
[69,  1400] loss: 22.965
[69,  1500] loss: 22.419
[69,  1600] loss: 22.827
[69,  1700] loss: 23.203
[69,  1800] loss: 22.465
[70,   100] loss: 23.712
[70,   200] loss: 22.856
[70,   300] loss: 22.270
[70,   400] loss: 22.910
[70,   500] loss: 22.600
[70,   600] loss: 23.498
[70,   700] loss: 22.725
[70,   800] loss: 22.331
[70,   900] loss: 22.246
[70,  1000] loss: 23.611
[70,  1100] loss: 22.986
[70,  1200] loss: 22.306
[70,  1300] loss: 22.607
[70,  1400] loss: 23.235
[70,  1500] loss: 22.752
[70,  1600] loss: 23.459
[70,  1700] loss: 22.553
[70,  1800] loss: 22.579
[71,   100] loss: 22.912
[71,   200] loss: 23.027
[71,   300] loss: 23.332
[71,   400] loss: 22.155
[71,   500] loss: 22.738
[71,   600] loss: 23.187
[71,   700] loss: 22.947
[71,   800] loss: 22.928
[71,   900] loss: 22.553
[71,  1000] loss: 22.862
[71,  1100] loss: 22.375
[71,  1200] loss: 22.906
[71,  1300] loss: 22.874
[71,  1400] loss: 22.226
[71,  1500] loss: 22.731
[71,  1600] loss: 22.654
[71,  1700] loss: 23.143
[71,  1800] loss: 23.186
[72,   100] loss: 22.657
[72,   200] loss: 22.823
[72,   300] loss: 22.541
[72,   400] loss: 23.024
[72,   500] loss: 22.875
[72,   600] loss: 22.430
[72,   700] loss: 22.471
[72,   800] loss: 22.394
[72,   900] loss: 22.866
[72,  1000] loss: 22.996
[72,  1100] loss: 22.916
[72,  1200] loss: 23.046
[72,  1300] loss: 23.228
[72,  1400] loss: 22.585
[72,  1500] loss: 23.505
[72,  1600] loss: 22.955
[72,  1700] loss: 22.899
[72,  1800] loss: 22.654
[73,   100] loss: 22.872
[73,   200] loss: 22.884
[73,   300] loss: 22.719
[73,   400] loss: 23.427
[73,   500] loss: 22.954
[73,   600] loss: 22.239
[73,   700] loss: 23.035
[73,   800] loss: 22.672
[73,   900] loss: 22.652
[73,  1000] loss: 23.674
[73,  1100] loss: 22.095
[73,  1200] loss: 22.689
[73,  1300] loss: 21.837
[73,  1400] loss: 22.954
[73,  1500] loss: 22.417
[73,  1600] loss: 22.941
[73,  1700] loss: 22.643
[73,  1800] loss: 22.917
[74,   100] loss: 22.804
[74,   200] loss: 22.876
[74,   300] loss: 22.770
[74,   400] loss: 22.508
[74,   500] loss: 22.247
[74,   600] loss: 23.288
[74,   700] loss: 22.580
[74,   800] loss: 23.421
[74,   900] loss: 22.734
[74,  1000] loss: 23.562
[74,  1100] loss: 22.213
[74,  1200] loss: 22.491
[74,  1300] loss: 22.932
[74,  1400] loss: 23.544
[74,  1500] loss: 22.070
[74,  1600] loss: 22.017
[74,  1700] loss: 22.993
[74,  1800] loss: 22.340
[75,   100] loss: 22.211
[75,   200] loss: 22.684
[75,   300] loss: 22.678
[75,   400] loss: 22.673
[75,   500] loss: 22.697
[75,   600] loss: 23.365
[75,   700] loss: 22.509
[75,   800] loss: 22.789
[75,   900] loss: 22.274
[75,  1000] loss: 22.300
[75,  1100] loss: 23.008
[75,  1200] loss: 22.870
[75,  1300] loss: 22.458
[75,  1400] loss: 22.402
[75,  1500] loss: 23.242
[75,  1600] loss: 23.162
[75,  1700] loss: 23.084
[75,  1800] loss: 22.977
[76,   100] loss: 21.951
[76,   200] loss: 23.421
[76,   300] loss: 22.945
[76,   400] loss: 22.900
[76,   500] loss: 22.143
[76,   600] loss: 22.999
[76,   700] loss: 23.631
[76,   800] loss: 22.275
[76,   900] loss: 22.752
[76,  1000] loss: 22.489
[76,  1100] loss: 23.069
[76,  1200] loss: 22.338
[76,  1300] loss: 22.822
[76,  1400] loss: 22.412
[76,  1500] loss: 23.290
[76,  1600] loss: 21.697
[76,  1700] loss: 22.591
[76,  1800] loss: 22.824
[77,   100] loss: 22.947
[77,   200] loss: 23.099
[77,   300] loss: 22.220
[77,   400] loss: 22.005
[77,   500] loss: 22.850
[77,   600] loss: 23.543
[77,   700] loss: 22.296
[77,   800] loss: 23.047
[77,   900] loss: 22.504
[77,  1000] loss: 22.242
[77,  1100] loss: 22.422
[77,  1200] loss: 22.547
[77,  1300] loss: 23.348
[77,  1400] loss: 22.270
[77,  1500] loss: 22.445
[77,  1600] loss: 22.877
[77,  1700] loss: 21.879
[77,  1800] loss: 23.556
[78,   100] loss: 23.352
[78,   200] loss: 22.942
[78,   300] loss: 22.934
[78,   400] loss: 22.600
[78,   500] loss: 22.204
[78,   600] loss: 23.257
[78,   700] loss: 22.955
[78,   800] loss: 22.639
[78,   900] loss: 21.968
[78,  1000] loss: 21.842
[78,  1100] loss: 22.188
[78,  1200] loss: 22.585
[78,  1300] loss: 22.052
[78,  1400] loss: 22.256
[78,  1500] loss: 23.121
[78,  1600] loss: 22.769
[78,  1700] loss: 22.576
[78,  1800] loss: 22.725
[79,   100] loss: 22.704
[79,   200] loss: 22.436
[79,   300] loss: 22.368
[79,   400] loss: 22.947
[79,   500] loss: 22.351
[79,   600] loss: 21.641
[79,   700] loss: 22.997
[79,   800] loss: 23.432
[79,   900] loss: 23.095
[79,  1000] loss: 23.382
[79,  1100] loss: 22.023
[79,  1200] loss: 22.338
[79,  1300] loss: 22.734
[79,  1400] loss: 22.534
[79,  1500] loss: 21.964
[79,  1600] loss: 22.866
[79,  1700] loss: 22.532
[79,  1800] loss: 23.038
[80,   100] loss: 23.464
[80,   200] loss: 23.158
[80,   300] loss: 22.576
[80,   400] loss: 22.531
[80,   500] loss: 22.229
[80,   600] loss: 22.582
[80,   700] loss: 22.308
[80,   800] loss: 22.097
[80,   900] loss: 22.564
[80,  1000] loss: 21.956
[80,  1100] loss: 22.268
[80,  1200] loss: 22.843
[80,  1300] loss: 22.131
[80,  1400] loss: 22.270
[80,  1500] loss: 22.295
[80,  1600] loss: 22.941
[80,  1700] loss: 22.791
[80,  1800] loss: 22.879
[81,   100] loss: 22.045
[81,   200] loss: 22.180
[81,   300] loss: 23.063
[81,   400] loss: 22.332
[81,   500] loss: 22.995
[81,   600] loss: 23.051
[81,   700] loss: 22.671
[81,   800] loss: 23.175
[81,   900] loss: 22.567
[81,  1000] loss: 22.308
[81,  1100] loss: 22.614
[81,  1200] loss: 22.262
[81,  1300] loss: 22.455
[81,  1400] loss: 23.193
[81,  1500] loss: 22.192
[81,  1600] loss: 22.602
[81,  1700] loss: 21.630
[81,  1800] loss: 22.032
[82,   100] loss: 23.247
[82,   200] loss: 21.872
[82,   300] loss: 22.092
[82,   400] loss: 22.030
[82,   500] loss: 22.783
[82,   600] loss: 21.977
[82,   700] loss: 22.297
[82,   800] loss: 22.500
[82,   900] loss: 22.801
[82,  1000] loss: 22.553
[82,  1100] loss: 22.774
[82,  1200] loss: 22.956
[82,  1300] loss: 21.766
[82,  1400] loss: 23.346
[82,  1500] loss: 22.227
[82,  1600] loss: 22.494
[82,  1700] loss: 23.183
[82,  1800] loss: 23.041
[83,   100] loss: 22.925
[83,   200] loss: 21.577
[83,   300] loss: 23.165
[83,   400] loss: 22.397
[83,   500] loss: 22.163
[83,   600] loss: 22.863
[83,   700] loss: 22.887
[83,   800] loss: 22.256
[83,   900] loss: 22.002
[83,  1000] loss: 22.693
[83,  1100] loss: 21.997
[83,  1200] loss: 22.981
[83,  1300] loss: 22.924
[83,  1400] loss: 21.794
[83,  1500] loss: 22.776
[83,  1600] loss: 22.593
[83,  1700] loss: 22.164
[83,  1800] loss: 22.706
[84,   100] loss: 21.538
[84,   200] loss: 22.101
[84,   300] loss: 21.885
[84,   400] loss: 22.834
[84,   500] loss: 23.541
[84,   600] loss: 23.011
[84,   700] loss: 23.197
[84,   800] loss: 22.214
[84,   900] loss: 22.360
[84,  1000] loss: 23.084
[84,  1100] loss: 21.552
[84,  1200] loss: 22.746
[84,  1300] loss: 23.029
[84,  1400] loss: 23.302
[84,  1500] loss: 22.681
[84,  1600] loss: 22.073
[84,  1700] loss: 21.845
[84,  1800] loss: 23.056
[85,   100] loss: 23.077
[85,   200] loss: 22.160
[85,   300] loss: 22.493
[85,   400] loss: 22.748
[85,   500] loss: 22.844
[85,   600] loss: 21.950
[85,   700] loss: 21.692
[85,   800] loss: 23.048
[85,   900] loss: 22.802
[85,  1000] loss: 23.235
[85,  1100] loss: 22.037
[85,  1200] loss: 22.491
[85,  1300] loss: 22.118
[85,  1400] loss: 22.668
[85,  1500] loss: 21.819
[85,  1600] loss: 22.101
[85,  1700] loss: 22.912
[85,  1800] loss: 22.687
[86,   100] loss: 22.306
[86,   200] loss: 22.354
[86,   300] loss: 22.654
[86,   400] loss: 22.283
[86,   500] loss: 21.965
[86,   600] loss: 23.152
[86,   700] loss: 22.314
[86,   800] loss: 22.377
[86,   900] loss: 23.035
[86,  1000] loss: 22.831
[86,  1100] loss: 21.935
[86,  1200] loss: 21.478
[86,  1300] loss: 23.415
[86,  1400] loss: 22.411
[86,  1500] loss: 22.537
[86,  1600] loss: 22.422
[86,  1700] loss: 22.514
[86,  1800] loss: 21.830
[87,   100] loss: 23.340
[87,   200] loss: 22.869
[87,   300] loss: 22.835
[87,   400] loss: 21.975
[87,   500] loss: 22.414
[87,   600] loss: 22.911
[87,   700] loss: 22.258
[87,   800] loss: 22.408
[87,   900] loss: 22.234
[87,  1000] loss: 22.613
[87,  1100] loss: 23.088
[87,  1200] loss: 21.531
[87,  1300] loss: 22.173
[87,  1400] loss: 21.369
[87,  1500] loss: 22.736
[87,  1600] loss: 22.796
[87,  1700] loss: 21.933
[87,  1800] loss: 22.003
[88,   100] loss: 22.238
[88,   200] loss: 22.886
[88,   300] loss: 22.989
[88,   400] loss: 21.407
[88,   500] loss: 22.267
[88,   600] loss: 22.761
[88,   700] loss: 21.910
[88,   800] loss: 22.550
[88,   900] loss: 22.418
[88,  1000] loss: 22.514
[88,  1100] loss: 22.928
[88,  1200] loss: 21.930
[88,  1300] loss: 22.293
[88,  1400] loss: 21.716
[88,  1500] loss: 22.738
[88,  1600] loss: 22.902
[88,  1700] loss: 22.667
[88,  1800] loss: 22.193
[89,   100] loss: 21.192
[89,   200] loss: 22.660
[89,   300] loss: 22.439
[89,   400] loss: 22.093
[89,   500] loss: 22.969
[89,   600] loss: 22.661
[89,   700] loss: 22.978
[89,   800] loss: 22.799
[89,   900] loss: 22.793
[89,  1000] loss: 22.866
[89,  1100] loss: 21.875
[89,  1200] loss: 22.541
[89,  1300] loss: 22.305
[89,  1400] loss: 22.203
[89,  1500] loss: 22.503
[89,  1600] loss: 22.344
[89,  1700] loss: 22.449
[89,  1800] loss: 21.516
[90,   100] loss: 22.382
[90,   200] loss: 22.829
[90,   300] loss: 22.575
[90,   400] loss: 22.132
[90,   500] loss: 22.600
[90,   600] loss: 22.991
[90,   700] loss: 22.860
[90,   800] loss: 23.606
[90,   900] loss: 21.895
[90,  1000] loss: 21.779
[90,  1100] loss: 22.377
[90,  1200] loss: 21.847
[90,  1300] loss: 22.636
[90,  1400] loss: 21.972
[90,  1500] loss: 22.791
[90,  1600] loss: 21.377
[90,  1700] loss: 22.476
[90,  1800] loss: 21.753
[91,   100] loss: 22.535
[91,   200] loss: 21.551
[91,   300] loss: 23.118
[91,   400] loss: 22.021
[91,   500] loss: 22.922
[91,   600] loss: 22.614
[91,   700] loss: 22.746
[91,   800] loss: 22.175
[91,   900] loss: 23.357
[91,  1000] loss: 22.121
[91,  1100] loss: 21.653
[91,  1200] loss: 22.027
[91,  1300] loss: 21.468
[91,  1400] loss: 22.901
[91,  1500] loss: 21.687
[91,  1600] loss: 23.373
[91,  1700] loss: 21.903
[91,  1800] loss: 22.325
[92,   100] loss: 22.368
[92,   200] loss: 22.628
[92,   300] loss: 21.856
[92,   400] loss: 21.895
[92,   500] loss: 21.891
[92,   600] loss: 22.665
[92,   700] loss: 21.931
[92,   800] loss: 22.642
[92,   900] loss: 23.386
[92,  1000] loss: 22.755
[92,  1100] loss: 22.068
[92,  1200] loss: 21.862
[92,  1300] loss: 22.621
[92,  1400] loss: 22.422
[92,  1500] loss: 22.257
[92,  1600] loss: 23.026
[92,  1700] loss: 22.442
[92,  1800] loss: 21.573
[93,   100] loss: 22.286
[93,   200] loss: 22.384
[93,   300] loss: 22.507
[93,   400] loss: 22.156
[93,   500] loss: 22.377
[93,   600] loss: 21.306
[93,   700] loss: 21.876
[93,   800] loss: 23.668
[93,   900] loss: 22.466
[93,  1000] loss: 23.011
[93,  1100] loss: 22.140
[93,  1200] loss: 22.282
[93,  1300] loss: 22.564
[93,  1400] loss: 22.272
[93,  1500] loss: 22.180
[93,  1600] loss: 22.633
[93,  1700] loss: 22.399
[93,  1800] loss: 22.435
[94,   100] loss: 21.898
[94,   200] loss: 22.583
[94,   300] loss: 22.811
[94,   400] loss: 22.668
[94,   500] loss: 22.099
[94,   600] loss: 22.232
[94,   700] loss: 21.693
[94,   800] loss: 22.067
[94,   900] loss: 22.238
[94,  1000] loss: 22.696
[94,  1100] loss: 22.091
[94,  1200] loss: 21.753
[94,  1300] loss: 22.978
[94,  1400] loss: 23.400
[94,  1500] loss: 21.922
[94,  1600] loss: 22.549
[94,  1700] loss: 21.750
[94,  1800] loss: 22.747
[95,   100] loss: 22.474
[95,   200] loss: 23.034
[95,   300] loss: 21.997
[95,   400] loss: 22.074
[95,   500] loss: 22.085
[95,   600] loss: 21.875
[95,   700] loss: 22.433
[95,   800] loss: 22.265
[95,   900] loss: 21.757
[95,  1000] loss: 23.060
[95,  1100] loss: 21.863
[95,  1200] loss: 22.053
[95,  1300] loss: 22.055
[95,  1400] loss: 22.199
[95,  1500] loss: 21.684
[95,  1600] loss: 23.363
[95,  1700] loss: 22.995
[95,  1800] loss: 22.502
[96,   100] loss: 21.759
[96,   200] loss: 22.121
[96,   300] loss: 22.085
[96,   400] loss: 22.778
[96,   500] loss: 22.389
[96,   600] loss: 22.439
[96,   700] loss: 23.485
[96,   800] loss: 23.140
[96,   900] loss: 21.298
[96,  1000] loss: 21.937
[96,  1100] loss: 22.178
[96,  1200] loss: 22.519
[96,  1300] loss: 21.431
[96,  1400] loss: 22.241
[96,  1500] loss: 22.176
[96,  1600] loss: 22.447
[96,  1700] loss: 23.196
[96,  1800] loss: 21.602
[97,   100] loss: 22.464
[97,   200] loss: 22.881
[97,   300] loss: 22.307
[97,   400] loss: 22.432
[97,   500] loss: 22.511
[97,   600] loss: 22.412
[97,   700] loss: 22.343
[97,   800] loss: 22.207
[97,   900] loss: 21.942
[97,  1000] loss: 23.457
[97,  1100] loss: 22.657
[97,  1200] loss: 22.275
[97,  1300] loss: 21.056
[97,  1400] loss: 21.426
[97,  1500] loss: 21.842
[97,  1600] loss: 22.845
[97,  1700] loss: 21.785
[97,  1800] loss: 21.874
[98,   100] loss: 22.235
[98,   200] loss: 22.904
[98,   300] loss: 22.477
[98,   400] loss: 22.011
[98,   500] loss: 21.647
[98,   600] loss: 22.180
[98,   700] loss: 22.425
[98,   800] loss: 22.305
[98,   900] loss: 22.205
[98,  1000] loss: 22.125
[98,  1100] loss: 22.165
[98,  1200] loss: 21.784
[98,  1300] loss: 22.383
[98,  1400] loss: 22.826
[98,  1500] loss: 23.006
[98,  1600] loss: 21.833
[98,  1700] loss: 21.986
[98,  1800] loss: 22.483
[99,   100] loss: 23.650
[99,   200] loss: 21.749
[99,   300] loss: 22.229
[99,   400] loss: 22.203
[99,   500] loss: 22.012
[99,   600] loss: 21.967
[99,   700] loss: 22.243
[99,   800] loss: 21.874
[99,   900] loss: 21.909
[99,  1000] loss: 22.156
[99,  1100] loss: 22.052
[99,  1200] loss: 22.432
[99,  1300] loss: 23.133
[99,  1400] loss: 22.921
[99,  1500] loss: 22.183
[99,  1600] loss: 22.114
[99,  1700] loss: 22.134
[99,  1800] loss: 21.395
[100,   100] loss: 22.282
[100,   200] loss: 22.647
[100,   300] loss: 21.571
[100,   400] loss: 22.196
[100,   500] loss: 22.751
[100,   600] loss: 23.769
[100,   700] loss: 21.605
[100,   800] loss: 21.703
[100,   900] loss: 22.198
[100,  1000] loss: 22.020
[100,  1100] loss: 22.431
[100,  1200] loss: 21.875
[100,  1300] loss: 22.355
[100,  1400] loss: 21.863
[100,  1500] loss: 21.731
[100,  1600] loss: 22.256
[100,  1700] loss: 22.218
[100,  1800] loss: 22.557
