[1,   100] loss: 34.810
[1,   200] loss: 29.247
[1,   300] loss: 29.123
[1,   400] loss: 28.471
[1,   500] loss: 29.469
[1,   600] loss: 29.660
[1,   700] loss: 28.990
[1,   800] loss: 27.952
[1,   900] loss: 28.929
[1,  1000] loss: 28.691
[1,  1100] loss: 28.624
[1,  1200] loss: 28.387
[1,  1300] loss: 29.357
[1,  1400] loss: 29.129
[1,  1500] loss: 28.796
[1,  1600] loss: 28.796
[1,  1700] loss: 27.999
[1,  1800] loss: 29.079
[2,   100] loss: 27.838
[2,   200] loss: 27.219
[2,   300] loss: 28.798
[2,   400] loss: 28.914
[2,   500] loss: 28.609
[2,   600] loss: 28.200
[2,   700] loss: 28.909
[2,   800] loss: 28.406
[2,   900] loss: 29.096
[2,  1000] loss: 28.441
[2,  1100] loss: 28.513
[2,  1200] loss: 28.297
[2,  1300] loss: 29.526
[2,  1400] loss: 27.948
[2,  1500] loss: 28.507
[2,  1600] loss: 27.123
[2,  1700] loss: 28.573
[2,  1800] loss: 28.874
[3,   100] loss: 28.343
[3,   200] loss: 28.693
[3,   300] loss: 29.787
[3,   400] loss: 28.411
[3,   500] loss: 27.803
[3,   600] loss: 27.599
[3,   700] loss: 28.355
[3,   800] loss: 28.138
[3,   900] loss: 28.228
[3,  1000] loss: 28.903
[3,  1100] loss: 26.857
[3,  1200] loss: 28.469
[3,  1300] loss: 28.285
[3,  1400] loss: 28.950
[3,  1500] loss: 28.493
[3,  1600] loss: 28.099
[3,  1700] loss: 29.040
[3,  1800] loss: 27.791
[4,   100] loss: 27.863
[4,   200] loss: 28.692
[4,   300] loss: 28.674
[4,   400] loss: 28.860
[4,   500] loss: 28.038
[4,   600] loss: 28.250
[4,   700] loss: 27.559
[4,   800] loss: 27.761
[4,   900] loss: 28.567
[4,  1000] loss: 27.908
[4,  1100] loss: 26.978
[4,  1200] loss: 29.840
[4,  1300] loss: 28.262
[4,  1400] loss: 28.031
[4,  1500] loss: 27.692
[4,  1600] loss: 28.061
[4,  1700] loss: 29.211
[4,  1800] loss: 29.395
[5,   100] loss: 28.187
[5,   200] loss: 28.339
[5,   300] loss: 28.344
[5,   400] loss: 28.333
[5,   500] loss: 28.285
[5,   600] loss: 28.166
[5,   700] loss: 27.676
[5,   800] loss: 28.443
[5,   900] loss: 28.487
[5,  1000] loss: 27.828
[5,  1100] loss: 28.540
[5,  1200] loss: 28.395
[5,  1300] loss: 28.387
[5,  1400] loss: 28.465
[5,  1500] loss: 28.107
[5,  1600] loss: 29.220
[5,  1700] loss: 29.114
[5,  1800] loss: 27.918
[6,   100] loss: 26.779
[6,   200] loss: 29.077
[6,   300] loss: 27.547
[6,   400] loss: 28.375
[6,   500] loss: 29.076
[6,   600] loss: 28.441
[6,   700] loss: 28.773
[6,   800] loss: 27.779
[6,   900] loss: 28.459
[6,  1000] loss: 28.965
[6,  1100] loss: 29.065
[6,  1200] loss: 27.805
[6,  1300] loss: 28.064
[6,  1400] loss: 28.395
[6,  1500] loss: 27.790
[6,  1600] loss: 29.011
[6,  1700] loss: 27.890
[6,  1800] loss: 27.746
[7,   100] loss: 28.718
[7,   200] loss: 28.127
[7,   300] loss: 28.215
[7,   400] loss: 27.353
[7,   500] loss: 28.417
[7,   600] loss: 28.404
[7,   700] loss: 27.597
[7,   800] loss: 29.177
[7,   900] loss: 28.756
[7,  1000] loss: 28.932
[7,  1100] loss: 28.272
[7,  1200] loss: 28.720
[7,  1300] loss: 27.424
[7,  1400] loss: 28.625
[7,  1500] loss: 28.825
[7,  1600] loss: 27.876
[7,  1700] loss: 27.937
[7,  1800] loss: 28.543
[8,   100] loss: 28.524
[8,   200] loss: 27.938
[8,   300] loss: 28.409
[8,   400] loss: 28.099
[8,   500] loss: 29.400
[8,   600] loss: 28.513
[8,   700] loss: 29.690
[8,   800] loss: 28.881
[8,   900] loss: 28.184
[8,  1000] loss: 28.368
[8,  1100] loss: 27.870
[8,  1200] loss: 27.335
[8,  1300] loss: 28.394
[8,  1400] loss: 28.090
[8,  1500] loss: 28.501
[8,  1600] loss: 27.616
[8,  1700] loss: 27.626
[8,  1800] loss: 28.175
[9,   100] loss: 28.951
[9,   200] loss: 27.732
[9,   300] loss: 27.042
[9,   400] loss: 28.801
[9,   500] loss: 29.068
[9,   600] loss: 26.925
[9,   700] loss: 27.612
[9,   800] loss: 27.825
[9,   900] loss: 29.299
[9,  1000] loss: 28.304
[9,  1100] loss: 28.239
[9,  1200] loss: 28.079
[9,  1300] loss: 28.736
[9,  1400] loss: 28.322
[9,  1500] loss: 27.743
[9,  1600] loss: 28.198
[9,  1700] loss: 28.683
[9,  1800] loss: 29.206
[10,   100] loss: 28.193
[10,   200] loss: 28.000
[10,   300] loss: 28.578
[10,   400] loss: 28.461
[10,   500] loss: 28.554
[10,   600] loss: 27.584
[10,   700] loss: 28.221
[10,   800] loss: 27.421
[10,   900] loss: 27.938
[10,  1000] loss: 27.599
[10,  1100] loss: 28.015
[10,  1200] loss: 29.479
[10,  1300] loss: 28.059
[10,  1400] loss: 28.725
[10,  1500] loss: 28.486
[10,  1600] loss: 28.830
[10,  1700] loss: 29.032
[10,  1800] loss: 28.099
[11,   100] loss: 28.095
[11,   200] loss: 28.320
[11,   300] loss: 28.058
[11,   400] loss: 29.008
[11,   500] loss: 27.971
[11,   600] loss: 28.042
[11,   700] loss: 28.077
[11,   800] loss: 28.051
[11,   900] loss: 27.337
[11,  1000] loss: 27.671
[11,  1100] loss: 28.490
[11,  1200] loss: 28.558
[11,  1300] loss: 27.478
[11,  1400] loss: 28.128
[11,  1500] loss: 28.365
[11,  1600] loss: 27.554
[11,  1700] loss: 29.705
[11,  1800] loss: 28.259
[12,   100] loss: 27.617
[12,   200] loss: 26.647
[12,   300] loss: 28.008
[12,   400] loss: 28.656
[12,   500] loss: 28.658
[12,   600] loss: 28.554
[12,   700] loss: 28.194
[12,   800] loss: 28.534
[12,   900] loss: 28.067
[12,  1000] loss: 28.044
[12,  1100] loss: 28.492
[12,  1200] loss: 28.802
[12,  1300] loss: 28.705
[12,  1400] loss: 27.245
[12,  1500] loss: 27.945
[12,  1600] loss: 27.327
[12,  1700] loss: 29.952
[12,  1800] loss: 28.940
[13,   100] loss: 28.074
[13,   200] loss: 27.792
[13,   300] loss: 27.477
[13,   400] loss: 28.137
[13,   500] loss: 28.932
[13,   600] loss: 28.198
[13,   700] loss: 28.735
[13,   800] loss: 28.116
[13,   900] loss: 28.493
[13,  1000] loss: 28.213
[13,  1100] loss: 27.639
[13,  1200] loss: 28.959
[13,  1300] loss: 28.023
[13,  1400] loss: 27.631
[13,  1500] loss: 28.506
[13,  1600] loss: 29.027
[13,  1700] loss: 27.900
[13,  1800] loss: 28.864
[14,   100] loss: 27.670
[14,   200] loss: 28.775
[14,   300] loss: 28.754
[14,   400] loss: 28.210
[14,   500] loss: 29.040
[14,   600] loss: 26.911
[14,   700] loss: 27.652
[14,   800] loss: 28.410
[14,   900] loss: 27.830
[14,  1000] loss: 28.402
[14,  1100] loss: 27.766
[14,  1200] loss: 28.637
[14,  1300] loss: 28.362
[14,  1400] loss: 27.941
[14,  1500] loss: 28.104
[14,  1600] loss: 28.004
[14,  1700] loss: 27.223
[14,  1800] loss: 28.023
[15,   100] loss: 29.246
[15,   200] loss: 28.231
[15,   300] loss: 28.571
[15,   400] loss: 27.940
[15,   500] loss: 28.044
[15,   600] loss: 28.658
[15,   700] loss: 28.529
[15,   800] loss: 27.180
[15,   900] loss: 27.411
[15,  1000] loss: 27.718
[15,  1100] loss: 27.585
[15,  1200] loss: 29.983
[15,  1300] loss: 27.892
[15,  1400] loss: 28.284
[15,  1500] loss: 28.025
[15,  1600] loss: 28.309
[15,  1700] loss: 27.449
[15,  1800] loss: 27.795
[16,   100] loss: 27.908
[16,   200] loss: 28.229
[16,   300] loss: 28.329
[16,   400] loss: 28.289
[16,   500] loss: 28.442
[16,   600] loss: 28.519
[16,   700] loss: 27.428
[16,   800] loss: 28.329
[16,   900] loss: 28.866
[16,  1000] loss: 27.039
[16,  1100] loss: 27.927
[16,  1200] loss: 28.331
[16,  1300] loss: 28.976
[16,  1400] loss: 27.471
[16,  1500] loss: 26.748
[16,  1600] loss: 28.552
[16,  1700] loss: 28.268
[16,  1800] loss: 27.964
[17,   100] loss: 28.337
[17,   200] loss: 28.328
[17,   300] loss: 27.468
[17,   400] loss: 28.017
[17,   500] loss: 28.249
[17,   600] loss: 28.285
[17,   700] loss: 27.543
[17,   800] loss: 27.536
[17,   900] loss: 26.950
[17,  1000] loss: 28.038
[17,  1100] loss: 27.472
[17,  1200] loss: 27.690
[17,  1300] loss: 27.573
[17,  1400] loss: 28.782
[17,  1500] loss: 29.727
[17,  1600] loss: 27.650
[17,  1700] loss: 28.748
[17,  1800] loss: 28.424
[18,   100] loss: 28.192
[18,   200] loss: 27.978
[18,   300] loss: 28.159
[18,   400] loss: 28.036
[18,   500] loss: 28.342
[18,   600] loss: 27.891
[18,   700] loss: 27.524
[18,   800] loss: 28.594
[18,   900] loss: 28.114
[18,  1000] loss: 29.338
[18,  1100] loss: 28.656
[18,  1200] loss: 27.676
[18,  1300] loss: 26.826
[18,  1400] loss: 27.372
[18,  1500] loss: 26.820
[18,  1600] loss: 28.993
[18,  1700] loss: 27.327
[18,  1800] loss: 27.506
[19,   100] loss: 27.260
[19,   200] loss: 27.506
[19,   300] loss: 27.228
[19,   400] loss: 26.768
[19,   500] loss: 28.104
[19,   600] loss: 28.590
[19,   700] loss: 28.153
[19,   800] loss: 28.109
[19,   900] loss: 27.892
[19,  1000] loss: 29.115
[19,  1100] loss: 28.411
[19,  1200] loss: 28.039
[19,  1300] loss: 28.747
[19,  1400] loss: 27.863
[19,  1500] loss: 27.842
[19,  1600] loss: 27.418
[19,  1700] loss: 26.149
[19,  1800] loss: 28.656
[20,   100] loss: 27.424
[20,   200] loss: 27.783
[20,   300] loss: 28.990
[20,   400] loss: 28.068
[20,   500] loss: 27.627
[20,   600] loss: 27.249
[20,   700] loss: 27.415
[20,   800] loss: 27.255
[20,   900] loss: 27.351
[20,  1000] loss: 27.360
[20,  1100] loss: 28.199
[20,  1200] loss: 27.760
[20,  1300] loss: 28.512
[20,  1400] loss: 27.436
[20,  1500] loss: 28.201
[20,  1600] loss: 27.895
[20,  1700] loss: 28.088
[20,  1800] loss: 27.884
[21,   100] loss: 27.950
[21,   200] loss: 26.264
[21,   300] loss: 28.135
[21,   400] loss: 28.552
[21,   500] loss: 27.999
[21,   600] loss: 28.417
[21,   700] loss: 28.375
[21,   800] loss: 28.443
[21,   900] loss: 28.398
[21,  1000] loss: 27.450
[21,  1100] loss: 27.122
[21,  1200] loss: 27.711
[21,  1300] loss: 27.255
[21,  1400] loss: 26.380
[21,  1500] loss: 27.586
[21,  1600] loss: 28.370
[21,  1700] loss: 27.956
[21,  1800] loss: 27.715
[22,   100] loss: 26.403
[22,   200] loss: 28.079
[22,   300] loss: 28.534
[22,   400] loss: 27.230
[22,   500] loss: 28.966
[22,   600] loss: 28.086
[22,   700] loss: 27.518
[22,   800] loss: 27.594
[22,   900] loss: 26.977
[22,  1000] loss: 28.341
[22,  1100] loss: 27.305
[22,  1200] loss: 26.833
[22,  1300] loss: 27.643
[22,  1400] loss: 28.747
[22,  1500] loss: 28.125
[22,  1600] loss: 27.258
[22,  1700] loss: 27.331
[22,  1800] loss: 27.075
[23,   100] loss: 28.107
[23,   200] loss: 28.830
[23,   300] loss: 27.767
[23,   400] loss: 28.370
[23,   500] loss: 27.891
[23,   600] loss: 27.455
[23,   700] loss: 27.550
[23,   800] loss: 27.058
[23,   900] loss: 26.336
[23,  1000] loss: 28.869
[23,  1100] loss: 27.764
[23,  1200] loss: 26.851
[23,  1300] loss: 27.769
[23,  1400] loss: 27.366
[23,  1500] loss: 26.431
[23,  1600] loss: 28.284
[23,  1700] loss: 27.825
[23,  1800] loss: 26.606
[24,   100] loss: 27.700
[24,   200] loss: 28.054
[24,   300] loss: 27.869
[24,   400] loss: 28.673
[24,   500] loss: 27.214
[24,   600] loss: 27.122
[24,   700] loss: 27.416
[24,   800] loss: 27.826
[24,   900] loss: 26.758
[24,  1000] loss: 28.432
[24,  1100] loss: 27.267
[24,  1200] loss: 27.343
[24,  1300] loss: 26.786
[24,  1400] loss: 27.543
[24,  1500] loss: 27.240
[24,  1600] loss: 27.561
[24,  1700] loss: 27.138
[24,  1800] loss: 27.151
[25,   100] loss: 28.266
[25,   200] loss: 26.738
[25,   300] loss: 27.042
[25,   400] loss: 28.510
[25,   500] loss: 27.029
[25,   600] loss: 26.861
[25,   700] loss: 26.859
[25,   800] loss: 27.630
[25,   900] loss: 27.853
[25,  1000] loss: 27.133
[25,  1100] loss: 27.625
[25,  1200] loss: 27.980
[25,  1300] loss: 27.952
[25,  1400] loss: 26.897
[25,  1500] loss: 27.606
[25,  1600] loss: 27.358
[25,  1700] loss: 27.367
[25,  1800] loss: 27.424
[26,   100] loss: 27.591
[26,   200] loss: 26.606
[26,   300] loss: 27.431
[26,   400] loss: 27.914
[26,   500] loss: 26.671
[26,   600] loss: 27.625
[26,   700] loss: 27.711
[26,   800] loss: 27.036
[26,   900] loss: 27.182
[26,  1000] loss: 26.561
[26,  1100] loss: 26.090
[26,  1200] loss: 26.337
[26,  1300] loss: 28.364
[26,  1400] loss: 27.402
[26,  1500] loss: 28.630
[26,  1600] loss: 27.873
[26,  1700] loss: 26.056
[26,  1800] loss: 28.056
[27,   100] loss: 27.494
[27,   200] loss: 26.904
[27,   300] loss: 25.717
[27,   400] loss: 27.430
[27,   500] loss: 27.127
[27,   600] loss: 26.796
[27,   700] loss: 27.673
[27,   800] loss: 25.997
[27,   900] loss: 27.293
[27,  1000] loss: 27.068
[27,  1100] loss: 27.266
[27,  1200] loss: 27.478
[27,  1300] loss: 28.227
[27,  1400] loss: 27.895
[27,  1500] loss: 26.920
[27,  1600] loss: 26.210
[27,  1700] loss: 27.028
[27,  1800] loss: 27.847
[28,   100] loss: 27.269
[28,   200] loss: 27.715
[28,   300] loss: 27.011
[28,   400] loss: 26.230
[28,   500] loss: 27.590
[28,   600] loss: 26.532
[28,   700] loss: 27.184
[28,   800] loss: 26.872
[28,   900] loss: 25.903
[28,  1000] loss: 26.005
[28,  1100] loss: 28.455
[28,  1200] loss: 26.892
[28,  1300] loss: 26.413
[28,  1400] loss: 26.537
[28,  1500] loss: 27.320
[28,  1600] loss: 26.019
[28,  1700] loss: 27.324
[28,  1800] loss: 26.723
[29,   100] loss: 26.626
[29,   200] loss: 26.067
[29,   300] loss: 27.721
[29,   400] loss: 27.070
[29,   500] loss: 26.980
[29,   600] loss: 26.742
[29,   700] loss: 26.855
[29,   800] loss: 26.757
[29,   900] loss: 26.280
[29,  1000] loss: 27.157
[29,  1100] loss: 26.926
[29,  1200] loss: 27.422
[29,  1300] loss: 26.602
[29,  1400] loss: 26.612
[29,  1500] loss: 27.296
[29,  1600] loss: 26.072
[29,  1700] loss: 26.936
[29,  1800] loss: 27.004
[30,   100] loss: 26.556
[30,   200] loss: 26.320
[30,   300] loss: 25.661
[30,   400] loss: 26.212
[30,   500] loss: 26.504
[30,   600] loss: 26.991
[30,   700] loss: 26.599
[30,   800] loss: 28.073
[30,   900] loss: 26.576
[30,  1000] loss: 26.286
[30,  1100] loss: 27.178
[30,  1200] loss: 26.705
[30,  1300] loss: 25.720
[30,  1400] loss: 26.263
[30,  1500] loss: 26.822
[30,  1600] loss: 26.776
[30,  1700] loss: 26.599
[30,  1800] loss: 26.290
[31,   100] loss: 25.509
[31,   200] loss: 26.113
[31,   300] loss: 26.468
[31,   400] loss: 25.639
[31,   500] loss: 25.157
[31,   600] loss: 26.038
[31,   700] loss: 26.890
[31,   800] loss: 26.186
[31,   900] loss: 25.957
[31,  1000] loss: 26.953
[31,  1100] loss: 26.139
[31,  1200] loss: 26.624
[31,  1300] loss: 26.436
[31,  1400] loss: 27.486
[31,  1500] loss: 26.748
[31,  1600] loss: 26.849
[31,  1700] loss: 26.965
[31,  1800] loss: 26.026
[32,   100] loss: 26.289
[32,   200] loss: 25.461
[32,   300] loss: 25.240
[32,   400] loss: 25.813
[32,   500] loss: 26.154
[32,   600] loss: 27.438
[32,   700] loss: 25.714
[32,   800] loss: 26.023
[32,   900] loss: 25.724
[32,  1000] loss: 26.369
[32,  1100] loss: 25.428
[32,  1200] loss: 26.694
[32,  1300] loss: 26.316
[32,  1400] loss: 25.735
[32,  1500] loss: 27.065
[32,  1600] loss: 26.307
[32,  1700] loss: 26.754
[32,  1800] loss: 26.066
[33,   100] loss: 25.965
[33,   200] loss: 26.378
[33,   300] loss: 25.211
[33,   400] loss: 25.834
[33,   500] loss: 24.262
[33,   600] loss: 27.319
[33,   700] loss: 25.477
[33,   800] loss: 25.771
[33,   900] loss: 26.556
[33,  1000] loss: 26.691
[33,  1100] loss: 25.499
[33,  1200] loss: 26.451
[33,  1300] loss: 25.554
[33,  1400] loss: 26.253
[33,  1500] loss: 25.478
[33,  1600] loss: 27.329
[33,  1700] loss: 25.750
[33,  1800] loss: 25.533
[34,   100] loss: 25.832
[34,   200] loss: 25.270
[34,   300] loss: 26.788
[34,   400] loss: 26.164
[34,   500] loss: 26.397
[34,   600] loss: 25.382
[34,   700] loss: 25.750
[34,   800] loss: 25.412
[34,   900] loss: 25.482
[34,  1000] loss: 26.197
[34,  1100] loss: 25.776
[34,  1200] loss: 24.989
[34,  1300] loss: 24.639
[34,  1400] loss: 27.248
[34,  1500] loss: 25.327
[34,  1600] loss: 26.306
[34,  1700] loss: 26.149
[34,  1800] loss: 25.145
[35,   100] loss: 25.576
[35,   200] loss: 25.660
[35,   300] loss: 26.168
[35,   400] loss: 25.275
[35,   500] loss: 26.030
[35,   600] loss: 25.359
[35,   700] loss: 25.261
[35,   800] loss: 25.285
[35,   900] loss: 25.626
[35,  1000] loss: 25.581
[35,  1100] loss: 26.234
[35,  1200] loss: 25.645
[35,  1300] loss: 24.851
[35,  1400] loss: 26.418
[35,  1500] loss: 25.081
[35,  1600] loss: 24.925
[35,  1700] loss: 25.638
[35,  1800] loss: 25.296
[36,   100] loss: 25.313
[36,   200] loss: 25.392
[36,   300] loss: 25.819
[36,   400] loss: 24.846
[36,   500] loss: 25.219
[36,   600] loss: 25.369
[36,   700] loss: 25.364
[36,   800] loss: 26.104
[36,   900] loss: 24.904
[36,  1000] loss: 26.194
[36,  1100] loss: 26.534
[36,  1200] loss: 24.759
[36,  1300] loss: 24.437
[36,  1400] loss: 25.748
[36,  1500] loss: 25.739
[36,  1600] loss: 24.557
[36,  1700] loss: 26.240
[36,  1800] loss: 24.912
[37,   100] loss: 24.758
[37,   200] loss: 25.432
[37,   300] loss: 26.013
[37,   400] loss: 25.558
[37,   500] loss: 26.154
[37,   600] loss: 25.013
[37,   700] loss: 24.695
[37,   800] loss: 25.701
[37,   900] loss: 25.262
[37,  1000] loss: 24.036
[37,  1100] loss: 24.035
[37,  1200] loss: 25.035
[37,  1300] loss: 25.342
[37,  1400] loss: 25.257
[37,  1500] loss: 26.031
[37,  1600] loss: 25.196
[37,  1700] loss: 25.049
[37,  1800] loss: 25.408
[38,   100] loss: 25.299
[38,   200] loss: 24.745
[38,   300] loss: 25.421
[38,   400] loss: 25.465
[38,   500] loss: 25.662
[38,   600] loss: 25.378
[38,   700] loss: 24.977
[38,   800] loss: 24.550
[38,   900] loss: 25.156
[38,  1000] loss: 24.276
[38,  1100] loss: 25.825
[38,  1200] loss: 25.815
[38,  1300] loss: 24.661
[38,  1400] loss: 24.359
[38,  1500] loss: 24.821
[38,  1600] loss: 24.862
[38,  1700] loss: 25.849
[38,  1800] loss: 24.592
[39,   100] loss: 25.411
[39,   200] loss: 25.284
[39,   300] loss: 24.308
[39,   400] loss: 24.749
[39,   500] loss: 24.754
[39,   600] loss: 24.642
[39,   700] loss: 25.346
[39,   800] loss: 25.682
[39,   900] loss: 25.199
[39,  1000] loss: 24.139
[39,  1100] loss: 24.814
[39,  1200] loss: 24.756
[39,  1300] loss: 24.514
[39,  1400] loss: 25.131
[39,  1500] loss: 25.551
[39,  1600] loss: 24.729
[39,  1700] loss: 24.808
[39,  1800] loss: 25.870
[40,   100] loss: 23.952
[40,   200] loss: 23.943
[40,   300] loss: 23.526
[40,   400] loss: 24.718
[40,   500] loss: 25.109
[40,   600] loss: 25.559
[40,   700] loss: 24.413
[40,   800] loss: 25.206
[40,   900] loss: 25.769
[40,  1000] loss: 25.210
[40,  1100] loss: 24.752
[40,  1200] loss: 24.432
[40,  1300] loss: 25.157
[40,  1400] loss: 24.477
[40,  1500] loss: 24.717
[40,  1600] loss: 25.033
[40,  1700] loss: 25.637
[40,  1800] loss: 25.687
[41,   100] loss: 24.423
[41,   200] loss: 23.251
[41,   300] loss: 25.269
[41,   400] loss: 25.079
[41,   500] loss: 24.254
[41,   600] loss: 24.126
[41,   700] loss: 24.747
[41,   800] loss: 24.189
[41,   900] loss: 24.225
[41,  1000] loss: 24.335
[41,  1100] loss: 24.756
[41,  1200] loss: 24.273
[41,  1300] loss: 23.925
[41,  1400] loss: 25.169
[41,  1500] loss: 26.979
[41,  1600] loss: 25.041
[41,  1700] loss: 25.526
[41,  1800] loss: 23.773
[42,   100] loss: 25.188
[42,   200] loss: 25.360
[42,   300] loss: 24.476
[42,   400] loss: 24.181
[42,   500] loss: 25.036
[42,   600] loss: 23.868
[42,   700] loss: 23.791
[42,   800] loss: 25.020
[42,   900] loss: 24.080
[42,  1000] loss: 24.282
[42,  1100] loss: 24.600
[42,  1200] loss: 24.388
[42,  1300] loss: 24.799
[42,  1400] loss: 24.445
[42,  1500] loss: 24.339
[42,  1600] loss: 24.779
[42,  1700] loss: 24.540
[42,  1800] loss: 24.710
[43,   100] loss: 25.118
[43,   200] loss: 24.544
[43,   300] loss: 25.047
[43,   400] loss: 24.213
[43,   500] loss: 24.069
[43,   600] loss: 24.129
[43,   700] loss: 23.856
[43,   800] loss: 23.936
[43,   900] loss: 24.457
[43,  1000] loss: 24.419
[43,  1100] loss: 24.480
[43,  1200] loss: 23.890
[43,  1300] loss: 24.637
[43,  1400] loss: 24.088
[43,  1500] loss: 25.158
[43,  1600] loss: 25.288
[43,  1700] loss: 24.894
[43,  1800] loss: 24.125
[44,   100] loss: 23.850
[44,   200] loss: 23.932
[44,   300] loss: 24.854
[44,   400] loss: 24.200
[44,   500] loss: 24.948
[44,   600] loss: 23.854
[44,   700] loss: 23.446
[44,   800] loss: 25.169
[44,   900] loss: 25.088
[44,  1000] loss: 24.159
[44,  1100] loss: 24.570
[44,  1200] loss: 23.700
[44,  1300] loss: 24.311
[44,  1400] loss: 24.836
[44,  1500] loss: 24.018
[44,  1600] loss: 24.270
[44,  1700] loss: 25.052
[44,  1800] loss: 23.995
[45,   100] loss: 23.738
[45,   200] loss: 24.398
[45,   300] loss: 24.494
[45,   400] loss: 24.036
[45,   500] loss: 24.956
[45,   600] loss: 25.017
[45,   700] loss: 24.656
[45,   800] loss: 24.337
[45,   900] loss: 24.008
[45,  1000] loss: 24.358
[45,  1100] loss: 23.425
[45,  1200] loss: 24.107
[45,  1300] loss: 24.579
[45,  1400] loss: 24.937
[45,  1500] loss: 23.778
[45,  1600] loss: 24.044
[45,  1700] loss: 23.695
[45,  1800] loss: 24.718
[46,   100] loss: 23.789
[46,   200] loss: 24.411
[46,   300] loss: 24.033
[46,   400] loss: 24.610
[46,   500] loss: 23.881
[46,   600] loss: 24.566
[46,   700] loss: 23.756
[46,   800] loss: 24.755
[46,   900] loss: 24.421
[46,  1000] loss: 23.639
[46,  1100] loss: 24.842
[46,  1200] loss: 24.575
[46,  1300] loss: 23.894
[46,  1400] loss: 23.599
[46,  1500] loss: 24.742
[46,  1600] loss: 23.380
[46,  1700] loss: 24.049
[46,  1800] loss: 23.901
[47,   100] loss: 23.836
[47,   200] loss: 22.992
[47,   300] loss: 23.500
[47,   400] loss: 25.338
[47,   500] loss: 24.350
[47,   600] loss: 24.532
[47,   700] loss: 23.854
[47,   800] loss: 24.101
[47,   900] loss: 23.831
[47,  1000] loss: 23.742
[47,  1100] loss: 23.814
[47,  1200] loss: 24.771
[47,  1300] loss: 23.749
[47,  1400] loss: 25.196
[47,  1500] loss: 24.244
[47,  1600] loss: 23.424
[47,  1700] loss: 24.292
[47,  1800] loss: 23.970
[48,   100] loss: 24.148
[48,   200] loss: 23.721
[48,   300] loss: 23.964
[48,   400] loss: 24.181
[48,   500] loss: 24.794
[48,   600] loss: 24.320
[48,   700] loss: 24.256
[48,   800] loss: 23.416
[48,   900] loss: 22.862
[48,  1000] loss: 23.655
[48,  1100] loss: 24.732
[48,  1200] loss: 25.343
[48,  1300] loss: 23.593
[48,  1400] loss: 23.335
[48,  1500] loss: 23.300
[48,  1600] loss: 24.157
[48,  1700] loss: 24.338
[48,  1800] loss: 24.179
[49,   100] loss: 23.717
[49,   200] loss: 23.231
[49,   300] loss: 23.673
[49,   400] loss: 24.015
[49,   500] loss: 24.406
[49,   600] loss: 23.708
[49,   700] loss: 24.047
[49,   800] loss: 23.607
[49,   900] loss: 23.768
[49,  1000] loss: 25.017
[49,  1100] loss: 23.504
[49,  1200] loss: 23.886
[49,  1300] loss: 23.689
[49,  1400] loss: 23.122
[49,  1500] loss: 24.469
[49,  1600] loss: 23.607
[49,  1700] loss: 24.445
[49,  1800] loss: 23.602
[50,   100] loss: 23.064
[50,   200] loss: 23.473
[50,   300] loss: 24.160
[50,   400] loss: 23.775
[50,   500] loss: 24.855
[50,   600] loss: 23.755
[50,   700] loss: 24.073
[50,   800] loss: 24.150
[50,   900] loss: 22.899
[50,  1000] loss: 23.417
[50,  1100] loss: 24.540
[50,  1200] loss: 23.706
[50,  1300] loss: 23.220
[50,  1400] loss: 23.704
[50,  1500] loss: 23.274
[50,  1600] loss: 24.818
[50,  1700] loss: 24.108
[50,  1800] loss: 23.970
[51,   100] loss: 22.916
[51,   200] loss: 24.381
[51,   300] loss: 24.260
[51,   400] loss: 23.291
[51,   500] loss: 24.159
[51,   600] loss: 23.964
[51,   700] loss: 23.537
[51,   800] loss: 23.081
[51,   900] loss: 23.671
[51,  1000] loss: 23.910
[51,  1100] loss: 23.869
[51,  1200] loss: 23.085
[51,  1300] loss: 24.022
[51,  1400] loss: 23.871
[51,  1500] loss: 24.136
[51,  1600] loss: 23.473
[51,  1700] loss: 24.115
[51,  1800] loss: 24.358
[52,   100] loss: 22.947
[52,   200] loss: 24.281
[52,   300] loss: 23.397
[52,   400] loss: 23.747
[52,   500] loss: 24.435
[52,   600] loss: 23.812
[52,   700] loss: 22.752
[52,   800] loss: 24.140
[52,   900] loss: 23.575
[52,  1000] loss: 23.089
[52,  1100] loss: 23.280
[52,  1200] loss: 23.595
[52,  1300] loss: 24.614
[52,  1400] loss: 23.073
[52,  1500] loss: 24.941
[52,  1600] loss: 24.484
[52,  1700] loss: 23.175
[52,  1800] loss: 23.365
[53,   100] loss: 24.626
[53,   200] loss: 22.970
[53,   300] loss: 22.891
[53,   400] loss: 23.440
[53,   500] loss: 23.262
[53,   600] loss: 24.743
[53,   700] loss: 23.540
[53,   800] loss: 22.635
[53,   900] loss: 23.192
[53,  1000] loss: 23.259
[53,  1100] loss: 23.887
[53,  1200] loss: 23.213
[53,  1300] loss: 24.078
[53,  1400] loss: 23.771
[53,  1500] loss: 23.967
[53,  1600] loss: 23.527
[53,  1700] loss: 24.321
[53,  1800] loss: 23.613
[54,   100] loss: 23.967
[54,   200] loss: 23.342
[54,   300] loss: 24.567
[54,   400] loss: 23.593
[54,   500] loss: 23.948
[54,   600] loss: 23.257
[54,   700] loss: 23.850
[54,   800] loss: 22.955
[54,   900] loss: 23.958
[54,  1000] loss: 23.827
[54,  1100] loss: 23.225
[54,  1200] loss: 23.311
[54,  1300] loss: 22.674
[54,  1400] loss: 23.681
[54,  1500] loss: 24.549
[54,  1600] loss: 22.846
[54,  1700] loss: 23.285
[54,  1800] loss: 23.447
[55,   100] loss: 23.895
[55,   200] loss: 24.050
[55,   300] loss: 23.355
[55,   400] loss: 23.405
[55,   500] loss: 23.396
[55,   600] loss: 23.547
[55,   700] loss: 23.445
[55,   800] loss: 23.637
[55,   900] loss: 24.148
[55,  1000] loss: 23.998
[55,  1100] loss: 23.129
[55,  1200] loss: 23.960
[55,  1300] loss: 23.651
[55,  1400] loss: 22.991
[55,  1500] loss: 23.480
[55,  1600] loss: 22.135
[55,  1700] loss: 23.070
[55,  1800] loss: 24.273
[56,   100] loss: 23.652
[56,   200] loss: 23.602
[56,   300] loss: 23.180
[56,   400] loss: 24.126
[56,   500] loss: 23.441
[56,   600] loss: 23.332
[56,   700] loss: 22.847
[56,   800] loss: 24.116
[56,   900] loss: 23.088
[56,  1000] loss: 23.035
[56,  1100] loss: 22.373
[56,  1200] loss: 23.357
[56,  1300] loss: 24.799
[56,  1400] loss: 22.977
[56,  1500] loss: 24.164
[56,  1600] loss: 22.567
[56,  1700] loss: 23.096
[56,  1800] loss: 24.892
[57,   100] loss: 22.798
[57,   200] loss: 23.744
[57,   300] loss: 23.271
[57,   400] loss: 23.297
[57,   500] loss: 24.249
[57,   600] loss: 23.162
[57,   700] loss: 23.116
[57,   800] loss: 23.023
[57,   900] loss: 23.077
[57,  1000] loss: 23.574
[57,  1100] loss: 23.168
[57,  1200] loss: 23.346
[57,  1300] loss: 23.423
[57,  1400] loss: 24.037
[57,  1500] loss: 23.231
[57,  1600] loss: 23.304
[57,  1700] loss: 23.881
[57,  1800] loss: 24.030
[58,   100] loss: 22.939
[58,   200] loss: 23.626
[58,   300] loss: 23.335
[58,   400] loss: 23.163
[58,   500] loss: 23.288
[58,   600] loss: 23.537
[58,   700] loss: 23.027
[58,   800] loss: 23.621
[58,   900] loss: 22.872
[58,  1000] loss: 24.171
[58,  1100] loss: 23.748
[58,  1200] loss: 22.543
[58,  1300] loss: 23.734
[58,  1400] loss: 23.459
[58,  1500] loss: 23.365
[58,  1600] loss: 23.874
[58,  1700] loss: 23.577
[58,  1800] loss: 23.049
[59,   100] loss: 23.244
[59,   200] loss: 23.604
[59,   300] loss: 24.117
[59,   400] loss: 23.400
[59,   500] loss: 23.638
[59,   600] loss: 23.530
[59,   700] loss: 23.294
[59,   800] loss: 23.205
[59,   900] loss: 23.028
[59,  1000] loss: 23.404
[59,  1100] loss: 22.738
[59,  1200] loss: 23.253
[59,  1300] loss: 22.975
[59,  1400] loss: 23.134
[59,  1500] loss: 23.142
[59,  1600] loss: 23.618
[59,  1700] loss: 23.758
[59,  1800] loss: 22.816
[60,   100] loss: 22.683
[60,   200] loss: 23.608
[60,   300] loss: 23.266
[60,   400] loss: 23.459
[60,   500] loss: 23.052
[60,   600] loss: 23.395
[60,   700] loss: 23.107
[60,   800] loss: 23.164
[60,   900] loss: 22.329
[60,  1000] loss: 22.822
[60,  1100] loss: 23.108
[60,  1200] loss: 23.928
[60,  1300] loss: 22.718
[60,  1400] loss: 24.652
[60,  1500] loss: 23.396
[60,  1600] loss: 23.823
[60,  1700] loss: 23.600
[60,  1800] loss: 23.541
[61,   100] loss: 23.328
[61,   200] loss: 23.157
[61,   300] loss: 23.371
[61,   400] loss: 23.068
[61,   500] loss: 22.812
[61,   600] loss: 22.557
[61,   700] loss: 23.337
[61,   800] loss: 22.709
[61,   900] loss: 23.084
[61,  1000] loss: 23.474
[61,  1100] loss: 22.670
[61,  1200] loss: 23.622
[61,  1300] loss: 22.935
[61,  1400] loss: 24.080
[61,  1500] loss: 23.954
[61,  1600] loss: 23.784
[61,  1700] loss: 23.031
[61,  1800] loss: 23.405
[62,   100] loss: 22.570
[62,   200] loss: 22.490
[62,   300] loss: 23.438
[62,   400] loss: 22.780
[62,   500] loss: 23.895
[62,   600] loss: 23.664
[62,   700] loss: 24.665
[62,   800] loss: 23.665
[62,   900] loss: 23.695
[62,  1000] loss: 22.857
[62,  1100] loss: 22.749
[62,  1200] loss: 23.687
[62,  1300] loss: 23.666
[62,  1400] loss: 22.872
[62,  1500] loss: 23.185
[62,  1600] loss: 23.638
[62,  1700] loss: 22.502
[62,  1800] loss: 22.714
[63,   100] loss: 23.804
[63,   200] loss: 23.307
[63,   300] loss: 23.570
[63,   400] loss: 23.096
[63,   500] loss: 23.513
[63,   600] loss: 22.339
[63,   700] loss: 22.939
[63,   800] loss: 23.240
[63,   900] loss: 23.052
[63,  1000] loss: 23.677
[63,  1100] loss: 22.887
[63,  1200] loss: 23.028
[63,  1300] loss: 22.741
[63,  1400] loss: 21.902
[63,  1500] loss: 23.357
[63,  1600] loss: 23.153
[63,  1700] loss: 23.466
[63,  1800] loss: 23.670
[64,   100] loss: 23.604
[64,   200] loss: 23.363
[64,   300] loss: 23.633
[64,   400] loss: 23.069
[64,   500] loss: 23.039
[64,   600] loss: 23.433
[64,   700] loss: 22.966
[64,   800] loss: 23.085
[64,   900] loss: 21.914
[64,  1000] loss: 23.062
[64,  1100] loss: 22.193
[64,  1200] loss: 23.674
[64,  1300] loss: 23.528
[64,  1400] loss: 23.109
[64,  1500] loss: 23.043
[64,  1600] loss: 23.370
[64,  1700] loss: 22.749
[64,  1800] loss: 23.397
[65,   100] loss: 22.721
[65,   200] loss: 23.623
[65,   300] loss: 22.515
[65,   400] loss: 23.159
[65,   500] loss: 23.519
[65,   600] loss: 23.438
[65,   700] loss: 22.730
[65,   800] loss: 21.910
[65,   900] loss: 22.927
[65,  1000] loss: 22.637
[65,  1100] loss: 23.868
[65,  1200] loss: 23.433
[65,  1300] loss: 23.427
[65,  1400] loss: 23.935
[65,  1500] loss: 22.801
[65,  1600] loss: 22.847
[65,  1700] loss: 23.808
[65,  1800] loss: 23.097
[66,   100] loss: 22.927
[66,   200] loss: 23.871
[66,   300] loss: 22.763
[66,   400] loss: 22.258
[66,   500] loss: 23.290
[66,   600] loss: 22.232
[66,   700] loss: 22.867
[66,   800] loss: 24.796
[66,   900] loss: 23.165
[66,  1000] loss: 22.657
[66,  1100] loss: 23.192
[66,  1200] loss: 23.451
[66,  1300] loss: 22.806
[66,  1400] loss: 24.006
[66,  1500] loss: 22.382
[66,  1600] loss: 22.791
[66,  1700] loss: 23.464
[66,  1800] loss: 22.668
[67,   100] loss: 22.824
[67,   200] loss: 22.933
[67,   300] loss: 23.121
[67,   400] loss: 23.360
[67,   500] loss: 23.232
[67,   600] loss: 23.497
[67,   700] loss: 23.083
[67,   800] loss: 24.005
[67,   900] loss: 23.024
[67,  1000] loss: 22.771
[67,  1100] loss: 22.304
[67,  1200] loss: 22.488
[67,  1300] loss: 22.796
[67,  1400] loss: 23.388
[67,  1500] loss: 23.063
[67,  1600] loss: 22.873
[67,  1700] loss: 22.365
[67,  1800] loss: 23.096
[68,   100] loss: 22.122
[68,   200] loss: 23.310
[68,   300] loss: 22.896
[68,   400] loss: 23.088
[68,   500] loss: 22.960
[68,   600] loss: 23.480
[68,   700] loss: 22.801
[68,   800] loss: 22.447
[68,   900] loss: 22.793
[68,  1000] loss: 23.445
[68,  1100] loss: 23.813
[68,  1200] loss: 23.954
[68,  1300] loss: 22.459
[68,  1400] loss: 22.683
[68,  1500] loss: 22.493
[68,  1600] loss: 22.653
[68,  1700] loss: 22.943
[68,  1800] loss: 23.089
[69,   100] loss: 22.092
[69,   200] loss: 22.941
[69,   300] loss: 22.423
[69,   400] loss: 23.031
[69,   500] loss: 22.699
[69,   600] loss: 23.922
[69,   700] loss: 23.586
[69,   800] loss: 23.151
[69,   900] loss: 22.639
[69,  1000] loss: 23.385
[69,  1100] loss: 22.797
[69,  1200] loss: 23.728
[69,  1300] loss: 22.792
[69,  1400] loss: 22.382
[69,  1500] loss: 21.949
[69,  1600] loss: 23.237
[69,  1700] loss: 23.671
[69,  1800] loss: 22.711
[70,   100] loss: 23.536
[70,   200] loss: 22.743
[70,   300] loss: 22.593
[70,   400] loss: 22.456
[70,   500] loss: 22.678
[70,   600] loss: 23.662
[70,   700] loss: 23.608
[70,   800] loss: 23.743
[70,   900] loss: 23.215
[70,  1000] loss: 22.448
[70,  1100] loss: 23.474
[70,  1200] loss: 22.304
[70,  1300] loss: 22.894
[70,  1400] loss: 22.232
[70,  1500] loss: 22.556
[70,  1600] loss: 23.075
[70,  1700] loss: 22.239
[70,  1800] loss: 23.787
[71,   100] loss: 23.674
[71,   200] loss: 22.822
[71,   300] loss: 22.029
[71,   400] loss: 22.709
[71,   500] loss: 21.915
[71,   600] loss: 23.395
[71,   700] loss: 22.471
[71,   800] loss: 23.468
[71,   900] loss: 22.723
[71,  1000] loss: 23.405
[71,  1100] loss: 23.294
[71,  1200] loss: 23.215
[71,  1300] loss: 22.785
[71,  1400] loss: 22.143
[71,  1500] loss: 22.611
[71,  1600] loss: 23.240
[71,  1700] loss: 23.207
[71,  1800] loss: 23.015
[72,   100] loss: 23.240
[72,   200] loss: 22.653
[72,   300] loss: 22.210
[72,   400] loss: 22.766
[72,   500] loss: 23.276
[72,   600] loss: 21.728
[72,   700] loss: 22.861
[72,   800] loss: 23.106
[72,   900] loss: 23.553
[72,  1000] loss: 22.419
[72,  1100] loss: 23.240
[72,  1200] loss: 23.626
[72,  1300] loss: 23.754
[72,  1400] loss: 21.964
[72,  1500] loss: 22.737
[72,  1600] loss: 23.599
[72,  1700] loss: 22.873
[72,  1800] loss: 22.388
[73,   100] loss: 22.619
[73,   200] loss: 22.912
[73,   300] loss: 23.198
[73,   400] loss: 22.902
[73,   500] loss: 22.993
[73,   600] loss: 22.686
[73,   700] loss: 22.413
[73,   800] loss: 23.254
[73,   900] loss: 23.250
[73,  1000] loss: 22.506
[73,  1100] loss: 22.412
[73,  1200] loss: 22.143
[73,  1300] loss: 23.190
[73,  1400] loss: 22.869
[73,  1500] loss: 23.212
[73,  1600] loss: 22.410
[73,  1700] loss: 22.938
[73,  1800] loss: 22.962
[74,   100] loss: 22.847
[74,   200] loss: 22.992
[74,   300] loss: 23.080
[74,   400] loss: 23.131
[74,   500] loss: 23.425
[74,   600] loss: 22.366
[74,   700] loss: 22.824
[74,   800] loss: 23.152
[74,   900] loss: 22.432
[74,  1000] loss: 23.298
[74,  1100] loss: 22.392
[74,  1200] loss: 21.268
[74,  1300] loss: 23.448
[74,  1400] loss: 23.193
[74,  1500] loss: 23.120
[74,  1600] loss: 22.435
[74,  1700] loss: 22.778
[74,  1800] loss: 22.069
[75,   100] loss: 22.256
[75,   200] loss: 22.940
[75,   300] loss: 22.677
[75,   400] loss: 22.087
[75,   500] loss: 23.126
[75,   600] loss: 22.942
[75,   700] loss: 22.718
[75,   800] loss: 22.469
[75,   900] loss: 22.574
[75,  1000] loss: 22.978
[75,  1100] loss: 22.756
[75,  1200] loss: 22.236
[75,  1300] loss: 22.531
[75,  1400] loss: 22.483
[75,  1500] loss: 23.270
[75,  1600] loss: 23.685
[75,  1700] loss: 22.890
[75,  1800] loss: 23.484
[76,   100] loss: 21.932
[76,   200] loss: 22.796
[76,   300] loss: 22.223
[76,   400] loss: 23.634
[76,   500] loss: 22.564
[76,   600] loss: 23.291
[76,   700] loss: 22.187
[76,   800] loss: 21.670
[76,   900] loss: 22.945
[76,  1000] loss: 22.009
[76,  1100] loss: 23.556
[76,  1200] loss: 23.442
[76,  1300] loss: 22.580
[76,  1400] loss: 22.874
[76,  1500] loss: 22.467
[76,  1600] loss: 22.972
[76,  1700] loss: 23.511
[76,  1800] loss: 23.190
[77,   100] loss: 24.183
[77,   200] loss: 22.681
[77,   300] loss: 23.162
[77,   400] loss: 22.879
[77,   500] loss: 22.139
[77,   600] loss: 22.923
[77,   700] loss: 22.699
[77,   800] loss: 23.229
[77,   900] loss: 23.302
[77,  1000] loss: 22.909
[77,  1100] loss: 22.086
[77,  1200] loss: 21.637
[77,  1300] loss: 21.977
[77,  1400] loss: 23.290
[77,  1500] loss: 22.040
[77,  1600] loss: 21.901
[77,  1700] loss: 22.942
[77,  1800] loss: 22.755
[78,   100] loss: 22.806
[78,   200] loss: 22.937
[78,   300] loss: 22.017
[78,   400] loss: 22.694
[78,   500] loss: 22.904
[78,   600] loss: 22.412
[78,   700] loss: 22.517
[78,   800] loss: 21.374
[78,   900] loss: 22.367
[78,  1000] loss: 23.587
[78,  1100] loss: 23.198
[78,  1200] loss: 23.072
[78,  1300] loss: 22.460
[78,  1400] loss: 22.483
[78,  1500] loss: 22.597
[78,  1600] loss: 23.144
[78,  1700] loss: 23.182
[78,  1800] loss: 22.927
[79,   100] loss: 22.521
[79,   200] loss: 22.564
[79,   300] loss: 22.619
[79,   400] loss: 22.041
[79,   500] loss: 22.709
[79,   600] loss: 22.326
[79,   700] loss: 22.836
[79,   800] loss: 22.839
[79,   900] loss: 23.288
[79,  1000] loss: 22.953
[79,  1100] loss: 21.762
[79,  1200] loss: 22.961
[79,  1300] loss: 22.923
[79,  1400] loss: 23.018
[79,  1500] loss: 22.694
[79,  1600] loss: 22.943
[79,  1700] loss: 21.684
[79,  1800] loss: 23.123
[80,   100] loss: 22.805
[80,   200] loss: 23.444
[80,   300] loss: 22.150
[80,   400] loss: 23.110
[80,   500] loss: 22.490
[80,   600] loss: 22.816
[80,   700] loss: 22.545
[80,   800] loss: 22.112
[80,   900] loss: 22.933
[80,  1000] loss: 22.895
[80,  1100] loss: 22.707
[80,  1200] loss: 23.011
[80,  1300] loss: 22.604
[80,  1400] loss: 22.716
[80,  1500] loss: 22.476
[80,  1600] loss: 22.612
[80,  1700] loss: 22.020
[80,  1800] loss: 22.827
[81,   100] loss: 22.772
[81,   200] loss: 22.687
[81,   300] loss: 22.265
[81,   400] loss: 22.091
[81,   500] loss: 22.822
[81,   600] loss: 22.369
[81,   700] loss: 23.440
[81,   800] loss: 22.035
[81,   900] loss: 22.927
[81,  1000] loss: 22.255
[81,  1100] loss: 22.460
[81,  1200] loss: 22.406
[81,  1300] loss: 23.079
[81,  1400] loss: 22.202
[81,  1500] loss: 23.211
[81,  1600] loss: 23.473
[81,  1700] loss: 22.411
[81,  1800] loss: 23.004
[82,   100] loss: 23.041
[82,   200] loss: 22.563
[82,   300] loss: 23.167
[82,   400] loss: 22.197
[82,   500] loss: 22.747
[82,   600] loss: 23.360
[82,   700] loss: 22.396
[82,   800] loss: 21.860
[82,   900] loss: 21.933
[82,  1000] loss: 22.617
[82,  1100] loss: 22.216
[82,  1200] loss: 22.758
[82,  1300] loss: 23.742
[82,  1400] loss: 21.894
[82,  1500] loss: 22.502
[82,  1600] loss: 22.428
[82,  1700] loss: 21.718
[82,  1800] loss: 23.892
[83,   100] loss: 23.077
[83,   200] loss: 22.647
[83,   300] loss: 22.636
[83,   400] loss: 21.953
[83,   500] loss: 22.955
[83,   600] loss: 22.627
[83,   700] loss: 22.814
[83,   800] loss: 22.857
[83,   900] loss: 22.247
[83,  1000] loss: 22.820
[83,  1100] loss: 22.436
[83,  1200] loss: 22.877
[83,  1300] loss: 21.962
[83,  1400] loss: 21.900
[83,  1500] loss: 22.943
[83,  1600] loss: 22.383
[83,  1700] loss: 22.800
[83,  1800] loss: 21.867
[84,   100] loss: 22.417
[84,   200] loss: 22.951
[84,   300] loss: 22.905
[84,   400] loss: 22.526
[84,   500] loss: 22.170
[84,   600] loss: 22.603
[84,   700] loss: 22.215
[84,   800] loss: 22.185
[84,   900] loss: 21.729
[84,  1000] loss: 22.476
[84,  1100] loss: 23.565
[84,  1200] loss: 22.208
[84,  1300] loss: 21.961
[84,  1400] loss: 22.385
[84,  1500] loss: 22.813
[84,  1600] loss: 23.718
[84,  1700] loss: 23.257
[84,  1800] loss: 22.128
[85,   100] loss: 22.612
[85,   200] loss: 22.825
[85,   300] loss: 22.526
[85,   400] loss: 22.849
[85,   500] loss: 23.279
[85,   600] loss: 23.409
[85,   700] loss: 22.424
[85,   800] loss: 22.004
[85,   900] loss: 22.362
[85,  1000] loss: 23.063
[85,  1100] loss: 22.801
[85,  1200] loss: 22.867
[85,  1300] loss: 22.109
[85,  1400] loss: 23.063
[85,  1500] loss: 21.621
[85,  1600] loss: 22.129
[85,  1700] loss: 22.632
[85,  1800] loss: 22.368
[86,   100] loss: 22.657
[86,   200] loss: 23.350
[86,   300] loss: 22.639
[86,   400] loss: 21.995
[86,   500] loss: 22.061
[86,   600] loss: 22.830
[86,   700] loss: 23.727
[86,   800] loss: 22.187
[86,   900] loss: 22.519
[86,  1000] loss: 22.228
[86,  1100] loss: 21.811
[86,  1200] loss: 22.986
[86,  1300] loss: 22.252
[86,  1400] loss: 22.313
[86,  1500] loss: 22.506
[86,  1600] loss: 22.397
[86,  1700] loss: 22.025
[86,  1800] loss: 22.195
[87,   100] loss: 21.586
[87,   200] loss: 22.898
[87,   300] loss: 23.526
[87,   400] loss: 22.341
[87,   500] loss: 22.472
[87,   600] loss: 22.780
[87,   700] loss: 23.166
[87,   800] loss: 22.750
[87,   900] loss: 22.357
[87,  1000] loss: 22.490
[87,  1100] loss: 22.583
[87,  1200] loss: 21.538
[87,  1300] loss: 23.334
[87,  1400] loss: 22.410
[87,  1500] loss: 22.276
[87,  1600] loss: 22.235
[87,  1700] loss: 21.813
[87,  1800] loss: 22.903
[88,   100] loss: 23.523
[88,   200] loss: 21.938
[88,   300] loss: 22.047
[88,   400] loss: 22.244
[88,   500] loss: 23.235
[88,   600] loss: 22.661
[88,   700] loss: 22.734
[88,   800] loss: 22.658
[88,   900] loss: 21.923
[88,  1000] loss: 22.693
[88,  1100] loss: 22.746
[88,  1200] loss: 22.211
[88,  1300] loss: 22.882
[88,  1400] loss: 22.516
[88,  1500] loss: 22.081
[88,  1600] loss: 22.791
[88,  1700] loss: 22.141
[88,  1800] loss: 22.385
[89,   100] loss: 22.178
[89,   200] loss: 22.328
[89,   300] loss: 22.335
[89,   400] loss: 22.587
[89,   500] loss: 22.190
[89,   600] loss: 22.699
[89,   700] loss: 23.003
[89,   800] loss: 22.221
[89,   900] loss: 22.956
[89,  1000] loss: 22.653
[89,  1100] loss: 22.026
[89,  1200] loss: 23.395
[89,  1300] loss: 22.420
[89,  1400] loss: 22.442
[89,  1500] loss: 22.493
[89,  1600] loss: 21.589
[89,  1700] loss: 22.682
[89,  1800] loss: 21.838
[90,   100] loss: 22.760
[90,   200] loss: 22.787
[90,   300] loss: 22.597
[90,   400] loss: 22.331
[90,   500] loss: 21.744
[90,   600] loss: 22.557
[90,   700] loss: 23.214
[90,   800] loss: 22.250
[90,   900] loss: 22.325
[90,  1000] loss: 22.858
[90,  1100] loss: 22.156
[90,  1200] loss: 22.215
[90,  1300] loss: 22.169
[90,  1400] loss: 23.126
[90,  1500] loss: 22.427
[90,  1600] loss: 22.782
[90,  1700] loss: 21.519
[90,  1800] loss: 22.219
[91,   100] loss: 22.255
[91,   200] loss: 22.506
[91,   300] loss: 22.348
[91,   400] loss: 21.936
[91,   500] loss: 22.963
[91,   600] loss: 22.608
[91,   700] loss: 22.341
[91,   800] loss: 22.127
[91,   900] loss: 22.210
[91,  1000] loss: 21.948
[91,  1100] loss: 22.000
[91,  1200] loss: 22.118
[91,  1300] loss: 22.695
[91,  1400] loss: 23.121
[91,  1500] loss: 22.940
[91,  1600] loss: 22.399
[91,  1700] loss: 22.682
[91,  1800] loss: 23.082
[92,   100] loss: 22.401
[92,   200] loss: 21.559
[92,   300] loss: 23.214
[92,   400] loss: 22.378
[92,   500] loss: 22.425
[92,   600] loss: 22.778
[92,   700] loss: 22.438
[92,   800] loss: 22.486
[92,   900] loss: 22.554
[92,  1000] loss: 22.515
[92,  1100] loss: 22.587
[92,  1200] loss: 22.524
[92,  1300] loss: 22.217
[92,  1400] loss: 21.538
[92,  1500] loss: 22.519
[92,  1600] loss: 23.029
[92,  1700] loss: 22.247
[92,  1800] loss: 22.475
[93,   100] loss: 22.281
[93,   200] loss: 22.151
[93,   300] loss: 22.861
[93,   400] loss: 22.958
[93,   500] loss: 21.891
[93,   600] loss: 22.320
[93,   700] loss: 22.901
[93,   800] loss: 21.974
[93,   900] loss: 21.523
[93,  1000] loss: 22.005
[93,  1100] loss: 22.752
[93,  1200] loss: 22.444
[93,  1300] loss: 22.821
[93,  1400] loss: 22.725
[93,  1500] loss: 22.428
[93,  1600] loss: 22.991
[93,  1700] loss: 22.475
[93,  1800] loss: 21.595
[94,   100] loss: 22.903
[94,   200] loss: 22.423
[94,   300] loss: 22.082
[94,   400] loss: 22.028
[94,   500] loss: 22.401
[94,   600] loss: 21.894
[94,   700] loss: 22.852
[94,   800] loss: 22.417
[94,   900] loss: 22.421
[94,  1000] loss: 22.318
[94,  1100] loss: 22.394
[94,  1200] loss: 21.840
[94,  1300] loss: 22.390
[94,  1400] loss: 23.107
[94,  1500] loss: 21.756
[94,  1600] loss: 22.128
[94,  1700] loss: 22.621
[94,  1800] loss: 22.448
[95,   100] loss: 21.986
[95,   200] loss: 22.515
[95,   300] loss: 22.298
[95,   400] loss: 22.333
[95,   500] loss: 22.412
[95,   600] loss: 21.891
[95,   700] loss: 22.226
[95,   800] loss: 22.461
[95,   900] loss: 23.007
[95,  1000] loss: 22.633
[95,  1100] loss: 22.082
[95,  1200] loss: 22.268
[95,  1300] loss: 22.833
[95,  1400] loss: 22.080
[95,  1500] loss: 22.041
[95,  1600] loss: 21.986
[95,  1700] loss: 22.275
[95,  1800] loss: 22.236
[96,   100] loss: 23.030
[96,   200] loss: 22.417
[96,   300] loss: 22.688
[96,   400] loss: 22.604
[96,   500] loss: 21.806
[96,   600] loss: 22.789
[96,   700] loss: 22.374
[96,   800] loss: 22.180
[96,   900] loss: 21.395
[96,  1000] loss: 22.639
[96,  1100] loss: 21.761
[96,  1200] loss: 21.971
[96,  1300] loss: 22.637
[96,  1400] loss: 22.544
[96,  1500] loss: 22.772
[96,  1600] loss: 21.948
[96,  1700] loss: 22.130
[96,  1800] loss: 22.321
[97,   100] loss: 22.315
[97,   200] loss: 21.862
[97,   300] loss: 22.658
[97,   400] loss: 22.132
[97,   500] loss: 22.777
[97,   600] loss: 22.457
[97,   700] loss: 22.558
[97,   800] loss: 21.871
[97,   900] loss: 21.583
[97,  1000] loss: 21.532
[97,  1100] loss: 22.157
[97,  1200] loss: 22.552
[97,  1300] loss: 22.068
[97,  1400] loss: 22.505
[97,  1500] loss: 23.615
[97,  1600] loss: 22.724
[97,  1700] loss: 21.807
[97,  1800] loss: 23.532
[98,   100] loss: 22.844
[98,   200] loss: 21.778
[98,   300] loss: 21.881
[98,   400] loss: 22.434
[98,   500] loss: 22.502
[98,   600] loss: 22.928
[98,   700] loss: 22.016
[98,   800] loss: 21.627
[98,   900] loss: 22.403
[98,  1000] loss: 21.903
[98,  1100] loss: 22.506
[98,  1200] loss: 22.085
[98,  1300] loss: 21.854
[98,  1400] loss: 23.144
[98,  1500] loss: 22.107
[98,  1600] loss: 21.932
[98,  1700] loss: 22.619
[98,  1800] loss: 22.638
[99,   100] loss: 22.535
[99,   200] loss: 21.887
[99,   300] loss: 21.598
[99,   400] loss: 22.920
[99,   500] loss: 21.877
[99,   600] loss: 22.895
[99,   700] loss: 21.918
[99,   800] loss: 22.143
[99,   900] loss: 22.733
[99,  1000] loss: 22.232
[99,  1100] loss: 22.618
[99,  1200] loss: 22.627
[99,  1300] loss: 21.933
[99,  1400] loss: 22.659
[99,  1500] loss: 22.832
[99,  1600] loss: 21.704
[99,  1700] loss: 21.424
[99,  1800] loss: 22.346
[100,   100] loss: 21.747
[100,   200] loss: 22.081
[100,   300] loss: 22.997
[100,   400] loss: 23.105
[100,   500] loss: 22.148
[100,   600] loss: 21.036
[100,   700] loss: 22.188
[100,   800] loss: 22.392
[100,   900] loss: 22.374
[100,  1000] loss: 22.287
[100,  1100] loss: 22.424
[100,  1200] loss: 22.343
[100,  1300] loss: 21.176
[100,  1400] loss: 22.274
[100,  1500] loss: 22.392
[100,  1600] loss: 22.567
[100,  1700] loss: 23.000
[100,  1800] loss: 22.325
